#
# A fatal error has been detected by the Java Runtime Environment:
#
#  EXCEPTION_ACCESS_VIOLATION (0xc0000005) at pc=0x0000000000001124, pid=11316, tid=1060
#
# JRE version: Java(TM) SE Runtime Environment 18.9 (11.0.11+9) (build 11.0.11+9-LTS-194)
# Java VM: Java HotSpot(TM) 64-Bit Server VM 18.9 (11.0.11+9-LTS-194, mixed mode, tiered, compressed oops, g1 gc, windows-amd64)
# Problematic frame:
# C  0x0000000000001124
#
# No core dump will be written. Minidumps are not enabled by default on client versions of Windows
#
# If you would like to submit a bug report, please visit:
#   https://bugreport.java.com/bugreport/crash.jsp
#

---------------  S U M M A R Y ------------

Command Line: -javaagent:C:\keys\JetBrains\IntelliJ IDEA 2019.2.3\lib\idea_rt.jar=13585:C:\keys\JetBrains\IntelliJ IDEA 2019.2.3\bin -Dfile.encoding=UTF-8 com.scareers.formals.kline.basemorphology.usesingleklinebasepercent.LowBuyNextHighSellDistributionAnalyze

Host: 11th Gen Intel(R) Core(TM) i7-11700K @ 3.60GHz, 16 cores, 63G,  Windows 10 , 64 bit Build 19041 (10.0.19041.1348)
Time: Thu Nov 18 08:08:43 2021 中国标准时间 elapsed time: 5737.024752 seconds (0d 1h 35m 37s)

---------------  T H R E A D  ---------------

Current thread (0x000001cb75965800):  GCTaskThread "GC Thread#12" [stack: 0x000000a9ebb00000,0x000000a9ebc00000] [id=1060]

Stack: [0x000000a9ebb00000,0x000000a9ebc00000],  sp=0x000000a9ebbff700,  free space=1021k
Native frames: (J=compiled Java code, j=interpreted, Vv=VM code, C=native code)
C  0x0000000000001124


siginfo: EXCEPTION_ACCESS_VIOLATION (0xc0000005), data execution prevention violation at address 0x0000000000001124


Register to memory mapping:

RIP=0x0000000000001124 is an unknown value
RAX=0x000001cb3afb10d8 is at begin+0 in a stub
StubRoutines::orderaccess_fence [0x000001cb3afb10d8, 0x000001cb3afb10df[ (7 bytes)
RBX=0x0000000000017248 is an unknown value
RCX=0x00000000000037bf is an unknown value
RDX=0x000000043e5a7de0 is an oop: java.lang.Integer 
{0x000000043e5a7de0} - klass: 'java/lang/Integer'
RSP=0x000000a9ebbff700 points into unknown readable memory: 35 3c 87 5b 0d 00 00 00
RBP=0x000000000000000c is an unknown value
RSI=0x000001cb7691cc00 points into unknown readable memory: 48 4c 3e 62 fd 7f 00 00
RDI=0x000001cb32b100b0 points into unknown readable memory: 48 72 01 00 00 00 00 00
R8 =0x000000043e5a7de0 is an oop: java.lang.Integer 
{0x000000043e5a7de0} - klass: 'java/lang/Integer'
R9 =0x00007ffd61b90000 jvm.dll
R10=0x0000000800013c90 is pointing into metadata
R11=0x000001cb7691cd70 points into unknown readable memory: 00 4c 3e 62 fd 7f 00 00
R12=0x0 is NULL
R13=0x000000a9ebbff788 points into unknown readable memory: e0 55 3e 62 fd 7f 00 00
R14=0x000001cb32b10130 points into unknown readable memory: 48 72 01 00 17 fd 1b 00
R15=64 is a compressed pointer to class: 0x0000000800000040


Registers:
RAX=0x000001cb3afb10d8, RBX=0x0000000000017248, RCX=0x00000000000037bf, RDX=0x000000043e5a7de0
RSP=0x000000a9ebbff700, RBP=0x000000000000000c, RSI=0x000001cb7691cc00, RDI=0x000001cb32b100b0
R8 =0x000000043e5a7de0, R9 =0x00007ffd61b90000, R10=0x0000000800013c90, R11=0x000001cb7691cd70
R12=0x0000000000000000, R13=0x000000a9ebbff788, R14=0x000001cb32b10130, R15=0x0000000000000040
RIP=0x0000000000001124, EFLAGS=0x0000000000010216

Top of Stack: (sp=0x000000a9ebbff700)
0x000000a9ebbff700:   0000000d5b873c35 000012c8b2142ca6
0x000000a9ebbff710:   0000000000000005 00007ffd61e94cd6
0x000000a9ebbff720:   000001cb32b0d010 000000a9ebbff820
0x000000a9ebbff730:   000001cb32ae9870 0000000000000005
0x000000a9ebbff740:   000001cb00000005 00007ffd00000005
0x000000a9ebbff750:   0000000000000005 000001cb7691cc00
0x000000a9ebbff760:   00007ffd623e5760 000001cb32ae9870
0x000000a9ebbff770:   000000a9ebbff788 000000000000000b
0x000000a9ebbff780:   0000000000000000 00007ffd623e55e0
0x000000a9ebbff790:   0000000000000000 000001cb32b060b0
0x000000a9ebbff7a0:   000001cb7691cc00 000001cb72d51680
0x000000a9ebbff7b0:   00007ffd00000005 0000000d5b873c21
0x000000a9ebbff7c0:   00007ffd623e2dc0 0000000d5b873c35
0x000000a9ebbff7d0:   000012c8b2142c22 00007ffd0000000f
0x000000a9ebbff7e0:   000001cb32b0d010 0000000d00000005
0x000000a9ebbff7f0:   0000000000000000 0000000000000000 

Instructions: (pc=0x0000000000001124)
0x0000000000001104:   ?? ?? ?? ?? ?? ?? ?? ?? ?? ?? ?? ?? ?? ?? ?? ??
0x0000000000001114:   ?? ?? ?? ?? ?? ?? ?? ?? ?? ?? ?? ?? ?? ?? ?? ??
0x0000000000001124:   ?? ?? ?? ?? ?? ?? ?? ?? ?? ?? ?? ?? ?? ?? ?? ??
0x0000000000001134:   ?? ?? ?? ?? ?? ?? ?? ?? ?? ?? ?? ?? ?? ?? ?? ?? 


Stack slot to memory mapping:
stack at sp + 0 slots: 0x0000000d5b873c35 is an unknown value
stack at sp + 1 slots: 0x000012c8b2142ca6 is an unknown value
stack at sp + 2 slots: 0x0000000000000005 is an unknown value
stack at sp + 3 slots: 0x00007ffd61e94cd6 jvm.dll
stack at sp + 4 slots: 0x000001cb32b0d010 points into unknown readable memory: 0d 00 00 00 cb 01 00 00
stack at sp + 5 slots: 0x000000a9ebbff820 points into unknown readable memory: a6 2c 14 b2 c8 12 00 00
stack at sp + 6 slots: 0x000001cb32ae9870 points into unknown readable memory: d0 c3 b0 32 cb 01 00 00
stack at sp + 7 slots: 0x0000000000000005 is an unknown value


---------------  P R O C E S S  ---------------

Threads class SMR info:
_java_thread_list=0x000001cb78fd0c40, length=20, elements={
0x000001cb32af8800, 0x000001cb739be800, 0x000001cb739bf800, 0x000001cb73a4c800,
0x000001cb73a51000, 0x000001cb73a52000, 0x000001cb73a54000, 0x000001cb73a57800,
0x000001cb73b34800, 0x000001cb7459e800, 0x000001cb7459f000, 0x000001cb74702800,
0x000001cb7afdc000, 0x000001cb7afdb000, 0x000001cb7afda000, 0x000001cb7afdc800,
0x000001cb7afde000, 0x000001cb7afdd800, 0x000001cb7afdf000, 0x000001cb7afd9800
}

Java Threads: ( => current thread )
  0x000001cb32af8800 JavaThread "main" [_thread_blocked, id=8308, stack(0x000000a9e9700000,0x000000a9e9800000)]
  0x000001cb739be800 JavaThread "Reference Handler" daemon [_thread_blocked, id=2776, stack(0x000000a9e9e00000,0x000000a9e9f00000)]
  0x000001cb739bf800 JavaThread "Finalizer" daemon [_thread_blocked, id=7368, stack(0x000000a9e9f00000,0x000000a9ea000000)]
  0x000001cb73a4c800 JavaThread "Signal Dispatcher" daemon [_thread_blocked, id=8720, stack(0x000000a9ea000000,0x000000a9ea100000)]
  0x000001cb73a51000 JavaThread "Attach Listener" daemon [_thread_blocked, id=13248, stack(0x000000a9ea100000,0x000000a9ea200000)]
  0x000001cb73a52000 JavaThread "C2 CompilerThread0" daemon [_thread_blocked, id=8060, stack(0x000000a9ea200000,0x000000a9ea300000)]
  0x000001cb73a54000 JavaThread "C1 CompilerThread0" daemon [_thread_blocked, id=11148, stack(0x000000a9ea300000,0x000000a9ea400000)]
  0x000001cb73a57800 JavaThread "Sweeper thread" daemon [_thread_blocked, id=11968, stack(0x000000a9ea400000,0x000000a9ea500000)]
  0x000001cb73b34800 JavaThread "Common-Cleaner" daemon [_thread_blocked, id=11556, stack(0x000000a9ea500000,0x000000a9ea600000)]
  0x000001cb7459e800 JavaThread "Monitor Ctrl-Break" daemon [_thread_in_native, id=1332, stack(0x000000a9eaa00000,0x000000a9eab00000)]
  0x000001cb7459f000 JavaThread "Service Thread" daemon [_thread_blocked, id=8392, stack(0x000000a9eab00000,0x000000a9eac00000)]
  0x000001cb74702800 JavaThread "Abandoned connection cleanup thread" daemon [_thread_blocked, id=6216, stack(0x000000a9ead00000,0x000000a9eae00000)]
  0x000001cb7afdc000 JavaThread "pool-202-thread-1" [_thread_blocked, id=6416, stack(0x000000a9ec200000,0x000000a9ec300000)]
  0x000001cb7afdb000 JavaThread "pool-202-thread-2" [_thread_blocked, id=328, stack(0x000000a9ec400000,0x000000a9ec500000)]
  0x000001cb7afda000 JavaThread "pool-202-thread-3" [_thread_blocked, id=2300, stack(0x000000a9ec500000,0x000000a9ec600000)]
  0x000001cb7afdc800 JavaThread "pool-202-thread-4" [_thread_blocked, id=9056, stack(0x000000a9ec600000,0x000000a9ec700000)]
  0x000001cb7afde000 JavaThread "pool-202-thread-5" [_thread_blocked, id=9520, stack(0x000000a9ec700000,0x000000a9ec800000)]
  0x000001cb7afdd800 JavaThread "pool-202-thread-6" [_thread_blocked, id=1764, stack(0x000000a9ec800000,0x000000a9ec900000)]
  0x000001cb7afdf000 JavaThread "pool-202-thread-7" [_thread_blocked, id=11920, stack(0x000000a9ec900000,0x000000a9eca00000)]
  0x000001cb7afd9800 JavaThread "pool-202-thread-8" [_thread_blocked, id=2176, stack(0x000000a9eca00000,0x000000a9ecb00000)]

Other Threads:
  0x000001cb739bd800 VMThread "VM Thread" [stack: 0x000000a9e9d00000,0x000000a9e9e00000] [id=8460]
  0x000001cb746a7800 WatcherThread [stack: 0x000000a9eac00000,0x000000a9ead00000] [id=12848]
  0x000001cb32b0e800 GCTaskThread "GC Thread#0" [stack: 0x000000a9e9800000,0x000000a9e9900000] [id=11312]
  0x000001cb75413000 GCTaskThread "GC Thread#1" [stack: 0x000000a9eb000000,0x000000a9eb100000] [id=10392]
  0x000001cb74aca000 GCTaskThread "GC Thread#2" [stack: 0x000000a9eb100000,0x000000a9eb200000] [id=1136]
  0x000001cb74acb000 GCTaskThread "GC Thread#3" [stack: 0x000000a9eb200000,0x000000a9eb300000] [id=13100]
  0x000001cb75653000 GCTaskThread "GC Thread#4" [stack: 0x000000a9eb300000,0x000000a9eb400000] [id=11844]
  0x000001cb75653800 GCTaskThread "GC Thread#5" [stack: 0x000000a9eb400000,0x000000a9eb500000] [id=13064]
  0x000001cb75654000 GCTaskThread "GC Thread#6" [stack: 0x000000a9eb500000,0x000000a9eb600000] [id=4524]
  0x000001cb75961000 GCTaskThread "GC Thread#7" [stack: 0x000000a9eb600000,0x000000a9eb700000] [id=8256]
  0x000001cb75961800 GCTaskThread "GC Thread#8" [stack: 0x000000a9eb700000,0x000000a9eb800000] [id=8800]
  0x000001cb75962800 GCTaskThread "GC Thread#9" [stack: 0x000000a9eb800000,0x000000a9eb900000] [id=2656]
  0x000001cb75963000 GCTaskThread "GC Thread#10" [stack: 0x000000a9eb900000,0x000000a9eba00000] [id=11560]
  0x000001cb75966000 GCTaskThread "GC Thread#11" [stack: 0x000000a9eba00000,0x000000a9ebb00000] [id=11420]
=>0x000001cb75965800 GCTaskThread "GC Thread#12" [stack: 0x000000a9ebb00000,0x000000a9ebc00000] [id=1060]
  0x000001cb32bcc000 ConcurrentGCThread "G1 Main Marker" [stack: 0x000000a9e9900000,0x000000a9e9a00000] [id=1372]
  0x000001cb32bcd800 ConcurrentGCThread "G1 Conc#0" [stack: 0x000000a9e9a00000,0x000000a9e9b00000] [id=9972]
  0x000001cb75345000 ConcurrentGCThread "G1 Conc#1" [stack: 0x000000a9ebd00000,0x000000a9ebe00000] [id=11484]
  0x000001cb75340000 ConcurrentGCThread "G1 Conc#2" [stack: 0x000000a9ebe00000,0x000000a9ebf00000] [id=5152]
  0x000001cb73828800 ConcurrentGCThread "G1 Refine#0" [stack: 0x000000a9e9b00000,0x000000a9e9c00000] [id=1940]
  0x000001cb7c152800 ConcurrentGCThread "G1 Refine#1" [stack: 0x000000a9ea600000,0x000000a9ea700000] [id=7448]
  0x000001cb09d70800 ConcurrentGCThread "G1 Refine#2" [stack: 0x000000a9ea700000,0x000000a9ea800000] [id=4624]
  0x000001cb75967800 ConcurrentGCThread "G1 Refine#3" [stack: 0x000000a9ea800000,0x000000a9ea900000] [id=5076]
  0x000001cb75964000 ConcurrentGCThread "G1 Refine#4" [stack: 0x000000a9ea900000,0x000000a9eaa00000] [id=7740]
  0x000001cb75968000 ConcurrentGCThread "G1 Refine#5" [stack: 0x000000a9eae00000,0x000000a9eaf00000] [id=8872]
  0x000001cb75964800 ConcurrentGCThread "G1 Refine#6" [stack: 0x000000a9eaf00000,0x000000a9eb000000] [id=11744]
  0x000001cb75967000 ConcurrentGCThread "G1 Refine#7" [stack: 0x000000a9ebc00000,0x000000a9ebd00000] [id=10708]
  0x000001cb73829800 ConcurrentGCThread "G1 Young RemSet Sampling" [stack: 0x000000a9e9c00000,0x000000a9e9d00000] [id=12976]

Threads with active compile tasks:

VM state:at safepoint (normal execution)

VM Mutex/Monitor currently owned by a thread:  ([mutex/lock_event])
[0x000001cb32af4560] Threads_lock - owner thread: 0x000001cb739bd800
[0x000001cb32af5130] Heap_lock - owner thread: 0x000001cb7afde000

Heap address: 0x0000000402c00000, size: 16340 MB, Compressed Oops mode: Zero based, Oop shift amount: 3
Narrow klass base: 0x0000000800000000, Narrow klass shift: 0
Compressed class space size: 1073741824 Address: 0x0000000800000000

Heap:
 garbage-first heap   total 1859584K, used 1153381K [0x0000000402c00000, 0x0000000800000000)
  region size 4096K, 216 young (884736K), 4 survivors (16384K)
 Metaspace       used 23135K, capacity 23667K, committed 24064K, reserved 1071104K
  class space    used 2168K, capacity 2372K, committed 2560K, reserved 1048576K
Heap Regions: E=young(eden), S=young(survivor), O=old, HS=humongous(starts), HC=humongous(continues), CS=collection set, F=free, A=archive, TAMS=top-at-mark-start (previous, next)
|   0|0x0000000402c00000, 0x0000000402fffff8, 0x0000000403000000| 99%| O|  |TAMS 0x0000000402fffff8, 0x0000000402c00000| Untracked 
|   1|0x0000000403000000, 0x00000004033fffe8, 0x0000000403400000| 99%| O|  |TAMS 0x00000004033fffe8, 0x0000000403000000| Untracked 
|   2|0x0000000403400000, 0x00000004037ffff8, 0x0000000403800000| 99%| O|  |TAMS 0x00000004037ffff8, 0x0000000403400000| Untracked 
|   3|0x0000000403800000, 0x0000000403bffff0, 0x0000000403c00000| 99%| O|  |TAMS 0x0000000403bffff0, 0x0000000403800000| Untracked 
|   4|0x0000000403c00000, 0x0000000403fffff8, 0x0000000404000000| 99%| O|  |TAMS 0x0000000403fffff8, 0x0000000403c00000| Untracked 
|   5|0x0000000404000000, 0x0000000404400000, 0x0000000404400000|100%| O|  |TAMS 0x0000000404400000, 0x0000000404000000| Untracked 
|   6|0x0000000404400000, 0x0000000404800000, 0x0000000404800000|100%| O|  |TAMS 0x0000000404800000, 0x0000000404400000| Untracked 
|   7|0x0000000404800000, 0x0000000404bfd090, 0x0000000404c00000| 99%| O|  |TAMS 0x0000000404bfd090, 0x0000000404800000| Untracked 
|   8|0x0000000404c00000, 0x0000000404fffff8, 0x0000000405000000| 99%| O|  |TAMS 0x0000000404fffff8, 0x0000000404c00000| Untracked 
|   9|0x0000000405000000, 0x00000004053fffe0, 0x0000000405400000| 99%| O|  |TAMS 0x00000004053fffe0, 0x0000000405000000| Untracked 
|  10|0x0000000405400000, 0x00000004057ffff8, 0x0000000405800000| 99%| O|  |TAMS 0x00000004057ffff8, 0x0000000405400000| Untracked 
|  11|0x0000000405800000, 0x0000000405c00000, 0x0000000405c00000|100%| O|  |TAMS 0x0000000405c00000, 0x0000000405800000| Untracked 
|  12|0x0000000405c00000, 0x0000000405ffffe8, 0x0000000406000000| 99%| O|  |TAMS 0x0000000405ffffe8, 0x0000000405c00000| Untracked 
|  13|0x0000000406000000, 0x0000000406400000, 0x0000000406400000|100%| O|  |TAMS 0x0000000406400000, 0x0000000406000000| Untracked 
|  14|0x0000000406400000, 0x0000000406800000, 0x0000000406800000|100%| O|  |TAMS 0x0000000406800000, 0x0000000406400000| Untracked 
|  15|0x0000000406800000, 0x0000000406bff760, 0x0000000406c00000| 99%| O|  |TAMS 0x0000000406bff760, 0x0000000406800000| Untracked 
|  16|0x0000000406c00000, 0x0000000406fffff8, 0x0000000407000000| 99%| O|  |TAMS 0x0000000406fffff8, 0x0000000406c00000| Untracked 
|  17|0x0000000407000000, 0x0000000407400000, 0x0000000407400000|100%| O|  |TAMS 0x0000000407400000, 0x0000000407000000| Untracked 
|  18|0x0000000407400000, 0x00000004077ffff8, 0x0000000407800000| 99%| O|  |TAMS 0x00000004077ffff8, 0x0000000407400000| Untracked 
|  19|0x0000000407800000, 0x0000000407c00000, 0x0000000407c00000|100%| O|  |TAMS 0x0000000407c00000, 0x0000000407800000| Untracked 
|  20|0x0000000407c00000, 0x0000000407fffff8, 0x0000000408000000| 99%| O|  |TAMS 0x0000000407fffff8, 0x0000000407c00000| Untracked 
|  21|0x0000000408000000, 0x00000004083f85c8, 0x0000000408400000| 99%| O|  |TAMS 0x00000004083f85c8, 0x0000000408000000| Untracked 
|  22|0x0000000408400000, 0x00000004087ffff8, 0x0000000408800000| 99%| O|  |TAMS 0x00000004087ffff8, 0x0000000408400000| Untracked 
|  23|0x0000000408800000, 0x0000000408bffff8, 0x0000000408c00000| 99%| O|  |TAMS 0x0000000408bffff8, 0x0000000408800000| Untracked 
|  24|0x0000000408c00000, 0x0000000408fffff8, 0x0000000409000000| 99%| O|  |TAMS 0x0000000408fffff8, 0x0000000408c00000| Untracked 
|  25|0x0000000409000000, 0x00000004093ffff8, 0x0000000409400000| 99%| O|  |TAMS 0x00000004093ffff8, 0x0000000409000000| Untracked 
|  26|0x0000000409400000, 0x00000004097ffff8, 0x0000000409800000| 99%| O|  |TAMS 0x00000004097ffff8, 0x0000000409400000| Untracked 
|  27|0x0000000409800000, 0x0000000409bfffe8, 0x0000000409c00000| 99%| O|  |TAMS 0x0000000409bfffe8, 0x0000000409800000| Untracked 
|  28|0x0000000409c00000, 0x0000000409fffff8, 0x000000040a000000| 99%| O|  |TAMS 0x0000000409fffff8, 0x0000000409c00000| Untracked 
|  29|0x000000040a000000, 0x000000040a3fffe8, 0x000000040a400000| 99%| O|  |TAMS 0x000000040a3fffe8, 0x000000040a000000| Untracked 
|  30|0x000000040a400000, 0x000000040a7ffff8, 0x000000040a800000| 99%| O|  |TAMS 0x000000040a7ffff8, 0x000000040a400000| Untracked 
|  31|0x000000040a800000, 0x000000040abf6ea8, 0x000000040ac00000| 99%| O|  |TAMS 0x000000040abf6ea8, 0x000000040a800000| Untracked 
|  32|0x000000040ac00000, 0x000000040affffe8, 0x000000040b000000| 99%| O|  |TAMS 0x000000040affffe8, 0x000000040ac00000| Untracked 
|  33|0x000000040b000000, 0x000000040b3fffb8, 0x000000040b400000| 99%| O|  |TAMS 0x000000040b3fffb8, 0x000000040b000000| Untracked 
|  34|0x000000040b400000, 0x000000040b7ffff8, 0x000000040b800000| 99%| O|  |TAMS 0x000000040b7ffff8, 0x000000040b400000| Untracked 
|  35|0x000000040b800000, 0x000000040bbfff50, 0x000000040bc00000| 99%| O|  |TAMS 0x000000040bbfff50, 0x000000040b800000| Untracked 
|  36|0x000000040bc00000, 0x000000040bfffce8, 0x000000040c000000| 99%| O|  |TAMS 0x000000040bfffce8, 0x000000040bc00000| Untracked 
|  37|0x000000040c000000, 0x000000040c400000, 0x000000040c400000|100%| O|  |TAMS 0x000000040c400000, 0x000000040c000000| Untracked 
|  38|0x000000040c400000, 0x000000040c7fff90, 0x000000040c800000| 99%| O|  |TAMS 0x000000040c7fff90, 0x000000040c400000| Untracked 
|  39|0x000000040c800000, 0x000000040cbffff0, 0x000000040cc00000| 99%| O|  |TAMS 0x000000040cbffff0, 0x000000040c800000| Untracked 
|  40|0x000000040cc00000, 0x000000040cffe900, 0x000000040d000000| 99%| O|  |TAMS 0x000000040cffe900, 0x000000040cc00000| Untracked 
|  41|0x000000040d000000, 0x000000040d3ffe40, 0x000000040d400000| 99%| O|  |TAMS 0x000000040d3ffe40, 0x000000040d000000| Untracked 
|  42|0x000000040d400000, 0x000000040d7ffe18, 0x000000040d800000| 99%| O|  |TAMS 0x000000040d7ffe18, 0x000000040d400000| Untracked 
|  43|0x000000040d800000, 0x000000040dbfa550, 0x000000040dc00000| 99%| O|  |TAMS 0x000000040dbfa550, 0x000000040d800000| Untracked 
|  44|0x000000040dc00000, 0x000000040dffffd0, 0x000000040e000000| 99%| O|  |TAMS 0x000000040dffffd0, 0x000000040dc00000| Untracked 
|  45|0x000000040e000000, 0x000000040e3fff88, 0x000000040e400000| 99%| O|  |TAMS 0x000000040e3fff88, 0x000000040e000000| Untracked 
|  46|0x000000040e400000, 0x000000040e7ffff0, 0x000000040e800000| 99%| O|  |TAMS 0x000000040e7ffff0, 0x000000040e400000| Untracked 
|  47|0x000000040e800000, 0x000000040ebffff8, 0x000000040ec00000| 99%| O|  |TAMS 0x000000040ebffff8, 0x000000040e800000| Untracked 
|  48|0x000000040ec00000, 0x000000040effffc0, 0x000000040f000000| 99%| O|  |TAMS 0x000000040effffc0, 0x000000040ec00000| Untracked 
|  49|0x000000040f000000, 0x000000040f3ffff0, 0x000000040f400000| 99%| O|  |TAMS 0x000000040f3ffff0, 0x000000040f000000| Untracked 
|  50|0x000000040f400000, 0x000000040f7ee628, 0x000000040f800000| 98%| O|  |TAMS 0x000000040f7ee628, 0x000000040f400000| Untracked 
|  51|0x000000040f800000, 0x000000040fbe4de0, 0x000000040fc00000| 97%| O|  |TAMS 0x000000040fbe4de0, 0x000000040f800000| Untracked 
|  52|0x000000040fc00000, 0x000000040fff0530, 0x0000000410000000| 98%| O|  |TAMS 0x000000040fff0530, 0x000000040fc00000| Untracked 
|  53|0x0000000410000000, 0x00000004103f6310, 0x0000000410400000| 99%| O|  |TAMS 0x00000004103f6310, 0x0000000410000000| Untracked 
|  54|0x0000000410400000, 0x00000004107fd678, 0x0000000410800000| 99%| O|  |TAMS 0x00000004107fd678, 0x0000000410400000| Untracked 
|  55|0x0000000410800000, 0x0000000410aae858, 0x0000000410c00000| 67%| O|  |TAMS 0x0000000410aae858, 0x0000000410800000| Untracked 
|  56|0x0000000410c00000, 0x0000000410fef858, 0x0000000411000000| 98%| O|  |TAMS 0x0000000410fef858, 0x0000000410c00000| Untracked 
|  57|0x0000000411000000, 0x00000004112ee540, 0x0000000411400000| 73%| O|  |TAMS 0x00000004112ee540, 0x0000000411000000| Untracked 
|  58|0x0000000411400000, 0x0000000411593db8, 0x0000000411800000| 39%| O|  |TAMS 0x0000000411593db8, 0x0000000411400000| Untracked 
|  59|0x0000000411800000, 0x0000000411b20e70, 0x0000000411c00000| 78%| O|  |TAMS 0x0000000411b20e70, 0x0000000411800000| Untracked 
|  60|0x0000000411c00000, 0x0000000411e6c148, 0x0000000412000000| 60%| O|  |TAMS 0x0000000411e6c148, 0x0000000411c00000| Untracked 
|  61|0x0000000412000000, 0x000000041205da10, 0x0000000412400000|  9%| O|  |TAMS 0x000000041205da10, 0x0000000412000000| Untracked 
|  62|0x0000000412400000, 0x0000000412800000, 0x0000000412800000|100%| O|  |TAMS 0x0000000412400000, 0x0000000412400000| Untracked 
|  63|0x0000000412800000, 0x0000000412c00000, 0x0000000412c00000|100%| O|  |TAMS 0x0000000412800000, 0x0000000412800000| Untracked 
|  64|0x0000000412c00000, 0x0000000412db63d0, 0x0000000413000000| 42%| O|  |TAMS 0x0000000412db63d0, 0x0000000412c00000| Untracked 
|  65|0x0000000413000000, 0x0000000413400000, 0x0000000413400000|100%| O|  |TAMS 0x0000000413000000, 0x0000000413000000| Untracked 
|  66|0x0000000413400000, 0x0000000413542440, 0x0000000413800000| 31%| O|  |TAMS 0x0000000413400000, 0x0000000413400000| Untracked 
|  67|0x0000000413800000, 0x0000000413c00000, 0x0000000413c00000|100%|HS|  |TAMS 0x0000000413800000, 0x0000000413800000| Complete 
|  68|0x0000000413c00000, 0x0000000413c00000, 0x0000000414000000|  0%| F|  |TAMS 0x0000000413c00000, 0x0000000413c00000| Untracked 
|  69|0x0000000414000000, 0x0000000414000000, 0x0000000414400000|  0%| F|  |TAMS 0x0000000414000000, 0x0000000414000000| Untracked 
|  70|0x0000000414400000, 0x0000000414400000, 0x0000000414800000|  0%| F|  |TAMS 0x0000000414400000, 0x0000000414400000| Untracked 
|  71|0x0000000414800000, 0x0000000414800000, 0x0000000414c00000|  0%| F|  |TAMS 0x0000000414800000, 0x0000000414800000| Untracked 
|  72|0x0000000414c00000, 0x0000000414c00000, 0x0000000415000000|  0%| F|  |TAMS 0x0000000414c00000, 0x0000000414c00000| Untracked 
|  73|0x0000000415000000, 0x0000000415000000, 0x0000000415400000|  0%| F|  |TAMS 0x0000000415000000, 0x0000000415000000| Untracked 
|  74|0x0000000415400000, 0x0000000415400000, 0x0000000415800000|  0%| F|  |TAMS 0x0000000415400000, 0x0000000415400000| Untracked 
|  75|0x0000000415800000, 0x0000000415800000, 0x0000000415c00000|  0%| F|  |TAMS 0x0000000415800000, 0x0000000415800000| Untracked 
|  76|0x0000000415c00000, 0x0000000415c00000, 0x0000000416000000|  0%| F|  |TAMS 0x0000000415c00000, 0x0000000415c00000| Untracked 
|  77|0x0000000416000000, 0x0000000416000000, 0x0000000416400000|  0%| F|  |TAMS 0x0000000416000000, 0x0000000416000000| Untracked 
|  78|0x0000000416400000, 0x0000000416400000, 0x0000000416800000|  0%| F|  |TAMS 0x0000000416400000, 0x0000000416400000| Untracked 
|  79|0x0000000416800000, 0x0000000416800000, 0x0000000416c00000|  0%| F|  |TAMS 0x0000000416800000, 0x0000000416800000| Untracked 
|  80|0x0000000416c00000, 0x0000000416c00000, 0x0000000417000000|  0%| F|  |TAMS 0x0000000416c00000, 0x0000000416c00000| Untracked 
|  81|0x0000000417000000, 0x0000000417000000, 0x0000000417400000|  0%| F|  |TAMS 0x0000000417000000, 0x0000000417000000| Untracked 
|  82|0x0000000417400000, 0x000000041757e078, 0x0000000417800000| 37%| O|  |TAMS 0x000000041757e078, 0x0000000417400000| Untracked 
|  83|0x0000000417800000, 0x0000000417800000, 0x0000000417c00000|  0%| F|  |TAMS 0x0000000417800000, 0x0000000417800000| Untracked 
|  84|0x0000000417c00000, 0x0000000417c00000, 0x0000000418000000|  0%| F|  |TAMS 0x0000000417c00000, 0x0000000417c00000| Untracked 
|  85|0x0000000418000000, 0x0000000418000000, 0x0000000418400000|  0%| F|  |TAMS 0x0000000418000000, 0x0000000418000000| Untracked 
|  86|0x0000000418400000, 0x0000000418400000, 0x0000000418800000|  0%| F|  |TAMS 0x0000000418400000, 0x0000000418400000| Untracked 
|  87|0x0000000418800000, 0x0000000418800000, 0x0000000418c00000|  0%| F|  |TAMS 0x0000000418800000, 0x0000000418800000| Untracked 
|  88|0x0000000418c00000, 0x0000000418de49b0, 0x0000000419000000| 47%| O|  |TAMS 0x0000000418de49b0, 0x0000000418c00000| Untracked 
|  89|0x0000000419000000, 0x0000000419000000, 0x0000000419400000|  0%| F|  |TAMS 0x0000000419000000, 0x0000000419000000| Untracked 
|  90|0x0000000419400000, 0x0000000419400000, 0x0000000419800000|  0%| F|  |TAMS 0x0000000419400000, 0x0000000419400000| Untracked 
|  91|0x0000000419800000, 0x0000000419800000, 0x0000000419c00000|  0%| F|  |TAMS 0x0000000419800000, 0x0000000419800000| Untracked 
|  92|0x0000000419c00000, 0x0000000419c00000, 0x000000041a000000|  0%| F|  |TAMS 0x0000000419c00000, 0x0000000419c00000| Untracked 
|  93|0x000000041a000000, 0x000000041a000000, 0x000000041a400000|  0%| F|  |TAMS 0x000000041a000000, 0x000000041a000000| Untracked 
|  94|0x000000041a400000, 0x000000041a7c8b98, 0x000000041a800000| 94%| E|CS|TAMS 0x000000041a400000, 0x000000041a400000| Complete 
|  95|0x000000041a800000, 0x000000041ac00000, 0x000000041ac00000|100%| E|CS|TAMS 0x000000041a800000, 0x000000041a800000| Complete 
|  96|0x000000041ac00000, 0x000000041b000000, 0x000000041b000000|100%| E|CS|TAMS 0x000000041ac00000, 0x000000041ac00000| Complete 
|  97|0x000000041b000000, 0x000000041b400000, 0x000000041b400000|100%| E|CS|TAMS 0x000000041b000000, 0x000000041b000000| Complete 
|  98|0x000000041b400000, 0x000000041b400000, 0x000000041b800000|  0%| F|  |TAMS 0x000000041b400000, 0x000000041b400000| Untracked 
|  99|0x000000041b800000, 0x000000041b800000, 0x000000041bc00000|  0%| F|  |TAMS 0x000000041b800000, 0x000000041b800000| Untracked 
| 100|0x000000041bc00000, 0x000000041bc00000, 0x000000041c000000|  0%| F|  |TAMS 0x000000041bc00000, 0x000000041bc00000| Untracked 
| 101|0x000000041c000000, 0x000000041c000000, 0x000000041c400000|  0%| F|  |TAMS 0x000000041c000000, 0x000000041c000000| Untracked 
| 102|0x000000041c400000, 0x000000041c4e4888, 0x000000041c800000| 22%| O|  |TAMS 0x000000041c4e4888, 0x000000041c400000| Untracked 
| 103|0x000000041c800000, 0x000000041c800000, 0x000000041cc00000|  0%| F|  |TAMS 0x000000041c800000, 0x000000041c800000| Untracked 
| 104|0x000000041cc00000, 0x000000041cc00000, 0x000000041d000000|  0%| F|  |TAMS 0x000000041cc00000, 0x000000041cc00000| Untracked 
| 105|0x000000041d000000, 0x000000041d000000, 0x000000041d400000|  0%| F|  |TAMS 0x000000041d000000, 0x000000041d000000| Untracked 
| 106|0x000000041d400000, 0x000000041d400000, 0x000000041d800000|  0%| F|  |TAMS 0x000000041d400000, 0x000000041d400000| Untracked 
| 107|0x000000041d800000, 0x000000041d800000, 0x000000041dc00000|  0%| F|  |TAMS 0x000000041d800000, 0x000000041d800000| Untracked 
| 108|0x000000041dc00000, 0x000000041dc00000, 0x000000041e000000|  0%| F|  |TAMS 0x000000041dc00000, 0x000000041dc00000| Untracked 
| 109|0x000000041e000000, 0x000000041e000000, 0x000000041e400000|  0%| F|  |TAMS 0x000000041e000000, 0x000000041e000000| Untracked 
| 110|0x000000041e400000, 0x000000041e400000, 0x000000041e800000|  0%| F|  |TAMS 0x000000041e400000, 0x000000041e400000| Untracked 
| 111|0x000000041e800000, 0x000000041e800000, 0x000000041ec00000|  0%| F|  |TAMS 0x000000041e800000, 0x000000041e800000| Untracked 
| 112|0x000000041ec00000, 0x000000041ec00000, 0x000000041f000000|  0%| F|  |TAMS 0x000000041ec00000, 0x000000041ec00000| Untracked 
| 113|0x000000041f000000, 0x000000041f000000, 0x000000041f400000|  0%| F|  |TAMS 0x000000041f000000, 0x000000041f000000| Untracked 
| 114|0x000000041f400000, 0x000000041f400000, 0x000000041f800000|  0%| F|  |TAMS 0x000000041f400000, 0x000000041f400000| Untracked 
| 115|0x000000041f800000, 0x000000041f800000, 0x000000041fc00000|  0%| F|  |TAMS 0x000000041f800000, 0x000000041f800000| Untracked 
| 116|0x000000041fc00000, 0x000000041fc00000, 0x0000000420000000|  0%| F|  |TAMS 0x000000041fc00000, 0x000000041fc00000| Untracked 
| 117|0x0000000420000000, 0x0000000420000000, 0x0000000420400000|  0%| F|  |TAMS 0x0000000420000000, 0x0000000420000000| Untracked 
| 118|0x0000000420400000, 0x0000000420400000, 0x0000000420800000|  0%| F|  |TAMS 0x0000000420400000, 0x0000000420400000| Untracked 
| 119|0x0000000420800000, 0x0000000420800000, 0x0000000420c00000|  0%| F|  |TAMS 0x0000000420800000, 0x0000000420800000| Untracked 
| 120|0x0000000420c00000, 0x0000000420c00000, 0x0000000421000000|  0%| F|  |TAMS 0x0000000420c00000, 0x0000000420c00000| Untracked 
| 121|0x0000000421000000, 0x0000000421000000, 0x0000000421400000|  0%| F|  |TAMS 0x0000000421000000, 0x0000000421000000| Untracked 
| 122|0x0000000421400000, 0x0000000421400000, 0x0000000421800000|  0%| F|  |TAMS 0x0000000421400000, 0x0000000421400000| Untracked 
| 123|0x0000000421800000, 0x0000000421800000, 0x0000000421c00000|  0%| F|  |TAMS 0x0000000421800000, 0x0000000421800000| Untracked 
| 124|0x0000000421c00000, 0x0000000421c00000, 0x0000000422000000|  0%| F|  |TAMS 0x0000000421c00000, 0x0000000421c00000| Untracked 
| 125|0x0000000422000000, 0x0000000422000000, 0x0000000422400000|  0%| F|  |TAMS 0x0000000422000000, 0x0000000422000000| Untracked 
| 126|0x0000000422400000, 0x0000000422400000, 0x0000000422800000|  0%| F|  |TAMS 0x0000000422400000, 0x0000000422400000| Untracked 
| 127|0x0000000422800000, 0x0000000422800000, 0x0000000422c00000|  0%| F|  |TAMS 0x0000000422800000, 0x0000000422800000| Untracked 
| 128|0x0000000422c00000, 0x0000000422c00000, 0x0000000423000000|  0%| F|  |TAMS 0x0000000422c00000, 0x0000000422c00000| Untracked 
| 129|0x0000000423000000, 0x0000000423000000, 0x0000000423400000|  0%| F|  |TAMS 0x0000000423000000, 0x0000000423000000| Untracked 
| 130|0x0000000423400000, 0x0000000423400000, 0x0000000423800000|  0%| F|  |TAMS 0x0000000423400000, 0x0000000423400000| Untracked 
| 131|0x0000000423800000, 0x0000000423800000, 0x0000000423c00000|  0%| F|  |TAMS 0x0000000423800000, 0x0000000423800000| Untracked 
| 132|0x0000000423c00000, 0x0000000423c00000, 0x0000000424000000|  0%| F|  |TAMS 0x0000000423c00000, 0x0000000423c00000| Untracked 
| 133|0x0000000424000000, 0x0000000424000000, 0x0000000424400000|  0%| F|  |TAMS 0x0000000424000000, 0x0000000424000000| Untracked 
| 134|0x0000000424400000, 0x0000000424400000, 0x0000000424800000|  0%| F|  |TAMS 0x0000000424400000, 0x0000000424400000| Untracked 
| 135|0x0000000424800000, 0x0000000424800000, 0x0000000424c00000|  0%| F|  |TAMS 0x0000000424800000, 0x0000000424800000| Untracked 
| 136|0x0000000424c00000, 0x0000000424c00000, 0x0000000425000000|  0%| F|  |TAMS 0x0000000424c00000, 0x0000000424c00000| Untracked 
| 137|0x0000000425000000, 0x0000000425000000, 0x0000000425400000|  0%| F|  |TAMS 0x0000000425000000, 0x0000000425000000| Untracked 
| 138|0x0000000425400000, 0x0000000425400000, 0x0000000425800000|  0%| F|  |TAMS 0x0000000425400000, 0x0000000425400000| Untracked 
| 139|0x0000000425800000, 0x0000000425800000, 0x0000000425c00000|  0%| F|  |TAMS 0x0000000425800000, 0x0000000425800000| Untracked 
| 140|0x0000000425c00000, 0x0000000425c00000, 0x0000000426000000|  0%| F|  |TAMS 0x0000000425c00000, 0x0000000425c00000| Untracked 
| 141|0x0000000426000000, 0x0000000426000000, 0x0000000426400000|  0%| F|  |TAMS 0x0000000426000000, 0x0000000426000000| Untracked 
| 142|0x0000000426400000, 0x0000000426400000, 0x0000000426800000|  0%| F|  |TAMS 0x0000000426400000, 0x0000000426400000| Untracked 
| 143|0x0000000426800000, 0x0000000426800000, 0x0000000426c00000|  0%| F|  |TAMS 0x0000000426800000, 0x0000000426800000| Untracked 
| 144|0x0000000426c00000, 0x0000000426c00000, 0x0000000427000000|  0%| F|  |TAMS 0x0000000426c00000, 0x0000000426c00000| Untracked 
| 145|0x0000000427000000, 0x0000000427000000, 0x0000000427400000|  0%| F|  |TAMS 0x0000000427000000, 0x0000000427000000| Untracked 
| 146|0x0000000427400000, 0x0000000427400000, 0x0000000427800000|  0%| F|  |TAMS 0x0000000427400000, 0x0000000427400000| Untracked 
| 147|0x0000000427800000, 0x0000000427800000, 0x0000000427c00000|  0%| F|  |TAMS 0x0000000427800000, 0x0000000427800000| Untracked 
| 148|0x0000000427c00000, 0x0000000427c00000, 0x0000000428000000|  0%| F|  |TAMS 0x0000000427c00000, 0x0000000427c00000| Untracked 
| 149|0x0000000428000000, 0x0000000428000000, 0x0000000428400000|  0%| F|  |TAMS 0x0000000428000000, 0x0000000428000000| Untracked 
| 150|0x0000000428400000, 0x0000000428400000, 0x0000000428800000|  0%| F|  |TAMS 0x0000000428400000, 0x0000000428400000| Untracked 
| 151|0x0000000428800000, 0x0000000428800000, 0x0000000428c00000|  0%| F|  |TAMS 0x0000000428800000, 0x0000000428800000| Untracked 
| 152|0x0000000428c00000, 0x0000000428c00000, 0x0000000429000000|  0%| F|  |TAMS 0x0000000428c00000, 0x0000000428c00000| Untracked 
| 153|0x0000000429000000, 0x0000000429000000, 0x0000000429400000|  0%| F|  |TAMS 0x0000000429000000, 0x0000000429000000| Untracked 
| 154|0x0000000429400000, 0x0000000429400000, 0x0000000429800000|  0%| F|  |TAMS 0x0000000429400000, 0x0000000429400000| Untracked 
| 155|0x0000000429800000, 0x0000000429800000, 0x0000000429c00000|  0%| F|  |TAMS 0x0000000429800000, 0x0000000429800000| Untracked 
| 156|0x0000000429c00000, 0x0000000429c00000, 0x000000042a000000|  0%| F|  |TAMS 0x0000000429c00000, 0x0000000429c00000| Untracked 
| 157|0x000000042a000000, 0x000000042a000000, 0x000000042a400000|  0%| F|  |TAMS 0x000000042a000000, 0x000000042a000000| Untracked 
| 158|0x000000042a400000, 0x000000042a400000, 0x000000042a800000|  0%| F|  |TAMS 0x000000042a400000, 0x000000042a400000| Untracked 
| 159|0x000000042a800000, 0x000000042a800000, 0x000000042ac00000|  0%| F|  |TAMS 0x000000042a800000, 0x000000042a800000| Untracked 
| 160|0x000000042ac00000, 0x000000042ac00000, 0x000000042b000000|  0%| F|  |TAMS 0x000000042ac00000, 0x000000042ac00000| Untracked 
| 161|0x000000042b000000, 0x000000042b000000, 0x000000042b400000|  0%| F|  |TAMS 0x000000042b000000, 0x000000042b000000| Untracked 
| 162|0x000000042b400000, 0x000000042b400000, 0x000000042b800000|  0%| F|  |TAMS 0x000000042b400000, 0x000000042b400000| Untracked 
| 163|0x000000042b800000, 0x000000042b800000, 0x000000042bc00000|  0%| F|  |TAMS 0x000000042b800000, 0x000000042b800000| Untracked 
| 164|0x000000042bc00000, 0x000000042bc00000, 0x000000042c000000|  0%| F|  |TAMS 0x000000042bc00000, 0x000000042bc00000| Untracked 
| 165|0x000000042c000000, 0x000000042c000000, 0x000000042c400000|  0%| F|  |TAMS 0x000000042c000000, 0x000000042c000000| Untracked 
| 166|0x000000042c400000, 0x000000042c400000, 0x000000042c800000|  0%| F|  |TAMS 0x000000042c400000, 0x000000042c400000| Untracked 
| 167|0x000000042c800000, 0x000000042c8d9e98, 0x000000042cc00000| 21%| O|  |TAMS 0x000000042c8d9e98, 0x000000042c800000| Untracked 
| 168|0x000000042cc00000, 0x000000042cc00000, 0x000000042d000000|  0%| F|  |TAMS 0x000000042cc00000, 0x000000042cc00000| Untracked 
| 169|0x000000042d000000, 0x000000042d000000, 0x000000042d400000|  0%| F|  |TAMS 0x000000042d000000, 0x000000042d000000| Untracked 
| 170|0x000000042d400000, 0x000000042d400000, 0x000000042d800000|  0%| F|  |TAMS 0x000000042d400000, 0x000000042d400000| Untracked 
| 171|0x000000042d800000, 0x000000042d800000, 0x000000042dc00000|  0%| F|  |TAMS 0x000000042d800000, 0x000000042d800000| Untracked 
| 172|0x000000042dc00000, 0x000000042dc00000, 0x000000042e000000|  0%| F|  |TAMS 0x000000042dc00000, 0x000000042dc00000| Untracked 
| 173|0x000000042e000000, 0x000000042e000000, 0x000000042e400000|  0%| F|  |TAMS 0x000000042e000000, 0x000000042e000000| Untracked 
| 174|0x000000042e400000, 0x000000042e400000, 0x000000042e800000|  0%| F|  |TAMS 0x000000042e400000, 0x000000042e400000| Untracked 
| 175|0x000000042e800000, 0x000000042e800000, 0x000000042ec00000|  0%| F|  |TAMS 0x000000042e800000, 0x000000042e800000| Untracked 
| 176|0x000000042ec00000, 0x000000042ec00000, 0x000000042f000000|  0%| F|  |TAMS 0x000000042ec00000, 0x000000042ec00000| Untracked 
| 177|0x000000042f000000, 0x000000042f000000, 0x000000042f400000|  0%| F|  |TAMS 0x000000042f000000, 0x000000042f000000| Untracked 
| 178|0x000000042f400000, 0x000000042f400000, 0x000000042f800000|  0%| F|  |TAMS 0x000000042f400000, 0x000000042f400000| Untracked 
| 179|0x000000042f800000, 0x000000042f800000, 0x000000042fc00000|  0%| F|  |TAMS 0x000000042f800000, 0x000000042f800000| Untracked 
| 180|0x000000042fc00000, 0x000000042fc00000, 0x0000000430000000|  0%| F|  |TAMS 0x000000042fc00000, 0x000000042fc00000| Untracked 
| 181|0x0000000430000000, 0x0000000430000000, 0x0000000430400000|  0%| F|  |TAMS 0x0000000430000000, 0x0000000430000000| Untracked 
| 182|0x0000000430400000, 0x0000000430400000, 0x0000000430800000|  0%| F|  |TAMS 0x0000000430400000, 0x0000000430400000| Untracked 
| 183|0x0000000430800000, 0x0000000430800000, 0x0000000430c00000|  0%| F|  |TAMS 0x0000000430800000, 0x0000000430800000| Untracked 
| 184|0x0000000430c00000, 0x0000000430c00000, 0x0000000431000000|  0%| F|  |TAMS 0x0000000430c00000, 0x0000000430c00000| Untracked 
| 185|0x0000000431000000, 0x0000000431000000, 0x0000000431400000|  0%| F|  |TAMS 0x0000000431000000, 0x0000000431000000| Untracked 
| 186|0x0000000431400000, 0x0000000431400000, 0x0000000431800000|  0%| F|  |TAMS 0x0000000431400000, 0x0000000431400000| Untracked 
| 187|0x0000000431800000, 0x0000000431800000, 0x0000000431c00000|  0%| F|  |TAMS 0x0000000431800000, 0x0000000431800000| Untracked 
| 188|0x0000000431c00000, 0x0000000431c00000, 0x0000000432000000|  0%| F|  |TAMS 0x0000000431c00000, 0x0000000431c00000| Untracked 
| 189|0x0000000432000000, 0x0000000432000000, 0x0000000432400000|  0%| F|  |TAMS 0x0000000432000000, 0x0000000432000000| Untracked 
| 190|0x0000000432400000, 0x0000000432400000, 0x0000000432800000|  0%| F|  |TAMS 0x0000000432400000, 0x0000000432400000| Untracked 
| 191|0x0000000432800000, 0x0000000432800000, 0x0000000432c00000|  0%| F|  |TAMS 0x0000000432800000, 0x0000000432800000| Untracked 
| 192|0x0000000432c00000, 0x0000000432c00000, 0x0000000433000000|  0%| F|  |TAMS 0x0000000432c00000, 0x0000000432c00000| Untracked 
| 193|0x0000000433000000, 0x0000000433000000, 0x0000000433400000|  0%| F|  |TAMS 0x0000000433000000, 0x0000000433000000| Untracked 
| 194|0x0000000433400000, 0x0000000433400000, 0x0000000433800000|  0%| F|  |TAMS 0x0000000433400000, 0x0000000433400000| Untracked 
| 195|0x0000000433800000, 0x0000000433800000, 0x0000000433c00000|  0%| F|  |TAMS 0x0000000433800000, 0x0000000433800000| Untracked 
| 196|0x0000000433c00000, 0x0000000433c00000, 0x0000000434000000|  0%| F|  |TAMS 0x0000000433c00000, 0x0000000433c00000| Untracked 
| 197|0x0000000434000000, 0x0000000434000000, 0x0000000434400000|  0%| F|  |TAMS 0x0000000434000000, 0x0000000434000000| Untracked 
| 198|0x0000000434400000, 0x0000000434400000, 0x0000000434800000|  0%| F|  |TAMS 0x0000000434400000, 0x0000000434400000| Untracked 
| 199|0x0000000434800000, 0x0000000434800000, 0x0000000434c00000|  0%| F|  |TAMS 0x0000000434800000, 0x0000000434800000| Untracked 
| 200|0x0000000434c00000, 0x0000000434c00000, 0x0000000435000000|  0%| F|  |TAMS 0x0000000434c00000, 0x0000000434c00000| Untracked 
| 201|0x0000000435000000, 0x0000000435000000, 0x0000000435400000|  0%| F|  |TAMS 0x0000000435000000, 0x0000000435000000| Untracked 
| 202|0x0000000435400000, 0x0000000435400000, 0x0000000435800000|  0%| F|  |TAMS 0x0000000435400000, 0x0000000435400000| Untracked 
| 203|0x0000000435800000, 0x0000000435800000, 0x0000000435c00000|  0%| F|  |TAMS 0x0000000435800000, 0x0000000435800000| Untracked 
| 204|0x0000000435c00000, 0x0000000435c00000, 0x0000000436000000|  0%| F|  |TAMS 0x0000000435c00000, 0x0000000435c00000| Untracked 
| 205|0x0000000436000000, 0x0000000436000000, 0x0000000436400000|  0%| F|  |TAMS 0x0000000436000000, 0x0000000436000000| Untracked 
| 206|0x0000000436400000, 0x0000000436400000, 0x0000000436800000|  0%| F|  |TAMS 0x0000000436400000, 0x0000000436400000| Untracked 
| 207|0x0000000436800000, 0x0000000436800000, 0x0000000436c00000|  0%| F|  |TAMS 0x0000000436800000, 0x0000000436800000| Untracked 
| 208|0x0000000436c00000, 0x0000000436c00000, 0x0000000437000000|  0%| F|  |TAMS 0x0000000436c00000, 0x0000000436c00000| Untracked 
| 209|0x0000000437000000, 0x0000000437000000, 0x0000000437400000|  0%| F|  |TAMS 0x0000000437000000, 0x0000000437000000| Untracked 
| 210|0x0000000437400000, 0x0000000437400000, 0x0000000437800000|  0%| F|  |TAMS 0x0000000437400000, 0x0000000437400000| Untracked 
| 211|0x0000000437800000, 0x0000000437800000, 0x0000000437c00000|  0%| F|  |TAMS 0x0000000437800000, 0x0000000437800000| Untracked 
| 212|0x0000000437c00000, 0x0000000437c00000, 0x0000000438000000|  0%| F|  |TAMS 0x0000000437c00000, 0x0000000437c00000| Untracked 
| 213|0x0000000438000000, 0x0000000438000000, 0x0000000438400000|  0%| F|  |TAMS 0x0000000438000000, 0x0000000438000000| Untracked 
| 214|0x0000000438400000, 0x0000000438400000, 0x0000000438800000|  0%| F|  |TAMS 0x0000000438400000, 0x0000000438400000| Untracked 
| 215|0x0000000438800000, 0x0000000438800000, 0x0000000438c00000|  0%| F|  |TAMS 0x0000000438800000, 0x0000000438800000| Untracked 
| 216|0x0000000438c00000, 0x0000000438c00000, 0x0000000439000000|  0%| F|  |TAMS 0x0000000438c00000, 0x0000000438c00000| Untracked 
| 217|0x0000000439000000, 0x0000000439000000, 0x0000000439400000|  0%| F|  |TAMS 0x0000000439000000, 0x0000000439000000| Untracked 
| 218|0x0000000439400000, 0x0000000439400000, 0x0000000439800000|  0%| F|  |TAMS 0x0000000439400000, 0x0000000439400000| Untracked 
| 219|0x0000000439800000, 0x0000000439800000, 0x0000000439c00000|  0%| F|  |TAMS 0x0000000439800000, 0x0000000439800000| Untracked 
| 220|0x0000000439c00000, 0x0000000439c00000, 0x000000043a000000|  0%| F|  |TAMS 0x0000000439c00000, 0x0000000439c00000| Untracked 
| 221|0x000000043a000000, 0x000000043a000000, 0x000000043a400000|  0%| F|  |TAMS 0x000000043a000000, 0x000000043a000000| Untracked 
| 222|0x000000043a400000, 0x000000043a400000, 0x000000043a800000|  0%| F|  |TAMS 0x000000043a400000, 0x000000043a400000| Untracked 
| 223|0x000000043a800000, 0x000000043a800000, 0x000000043ac00000|  0%| F|  |TAMS 0x000000043a800000, 0x000000043a800000| Untracked 
| 224|0x000000043ac00000, 0x000000043ac00000, 0x000000043b000000|  0%| F|  |TAMS 0x000000043ac00000, 0x000000043ac00000| Untracked 
| 225|0x000000043b000000, 0x000000043b000000, 0x000000043b400000|  0%| F|  |TAMS 0x000000043b000000, 0x000000043b000000| Untracked 
| 226|0x000000043b400000, 0x000000043b400000, 0x000000043b800000|  0%| F|  |TAMS 0x000000043b400000, 0x000000043b400000| Untracked 
| 227|0x000000043b800000, 0x000000043b800000, 0x000000043bc00000|  0%| F|  |TAMS 0x000000043b800000, 0x000000043b800000| Untracked 
| 228|0x000000043bc00000, 0x000000043bdd30d0, 0x000000043c000000| 45%| O|  |TAMS 0x000000043bdd30d0, 0x000000043bc00000| Untracked 
| 229|0x000000043c000000, 0x000000043c000000, 0x000000043c400000|  0%| F|  |TAMS 0x000000043c000000, 0x000000043c000000| Untracked 
| 230|0x000000043c400000, 0x000000043c400000, 0x000000043c800000|  0%| F|  |TAMS 0x000000043c400000, 0x000000043c400000| Untracked 
| 231|0x000000043c800000, 0x000000043c800000, 0x000000043cc00000|  0%| F|  |TAMS 0x000000043c800000, 0x000000043c800000| Untracked 
| 232|0x000000043cc00000, 0x000000043cc00000, 0x000000043d000000|  0%| F|  |TAMS 0x000000043cc00000, 0x000000043cc00000| Untracked 
| 233|0x000000043d000000, 0x000000043d000000, 0x000000043d400000|  0%| F|  |TAMS 0x000000043d000000, 0x000000043d000000| Untracked 
| 234|0x000000043d400000, 0x000000043d400000, 0x000000043d800000|  0%| F|  |TAMS 0x000000043d400000, 0x000000043d400000| Untracked 
| 235|0x000000043d800000, 0x000000043d800000, 0x000000043dc00000|  0%| F|  |TAMS 0x000000043d800000, 0x000000043d800000| Untracked 
| 236|0x000000043dc00000, 0x000000043dc00000, 0x000000043e000000|  0%| F|  |TAMS 0x000000043dc00000, 0x000000043dc00000| Untracked 
| 237|0x000000043e000000, 0x000000043e000000, 0x000000043e400000|  0%| F|  |TAMS 0x000000043e000000, 0x000000043e000000| Untracked 
| 238|0x000000043e400000, 0x000000043e775680, 0x000000043e800000| 86%| S|  |TAMS 0x000000043e400000, 0x000000043e400000| Complete 
| 239|0x000000043e800000, 0x000000043ec00000, 0x000000043ec00000|100%| S|  |TAMS 0x000000043e800000, 0x000000043e800000| Complete 
| 240|0x000000043ec00000, 0x000000043f000000, 0x000000043f000000|100%| S|  |TAMS 0x000000043ec00000, 0x000000043ec00000| Complete 
| 241|0x000000043f000000, 0x000000043f400000, 0x000000043f400000|100%| S|  |TAMS 0x000000043f000000, 0x000000043f000000| Complete 
| 242|0x000000043f400000, 0x000000043f800000, 0x000000043f800000|100%| E|CS|TAMS 0x000000043f400000, 0x000000043f400000| Complete 
| 243|0x000000043f800000, 0x000000043fc00000, 0x000000043fc00000|100%| E|CS|TAMS 0x000000043f800000, 0x000000043f800000| Complete 
| 244|0x000000043fc00000, 0x0000000440000000, 0x0000000440000000|100%| E|CS|TAMS 0x000000043fc00000, 0x000000043fc00000| Complete 
| 245|0x0000000440000000, 0x0000000440400000, 0x0000000440400000|100%| E|CS|TAMS 0x0000000440000000, 0x0000000440000000| Complete 
| 246|0x0000000440400000, 0x0000000440800000, 0x0000000440800000|100%| E|CS|TAMS 0x0000000440400000, 0x0000000440400000| Complete 
| 247|0x0000000440800000, 0x0000000440c00000, 0x0000000440c00000|100%| E|CS|TAMS 0x0000000440800000, 0x0000000440800000| Complete 
| 248|0x0000000440c00000, 0x0000000441000000, 0x0000000441000000|100%| E|CS|TAMS 0x0000000440c00000, 0x0000000440c00000| Complete 
| 249|0x0000000441000000, 0x0000000441400000, 0x0000000441400000|100%| E|CS|TAMS 0x0000000441000000, 0x0000000441000000| Complete 
| 250|0x0000000441400000, 0x0000000441800000, 0x0000000441800000|100%| E|CS|TAMS 0x0000000441400000, 0x0000000441400000| Complete 
| 251|0x0000000441800000, 0x0000000441c00000, 0x0000000441c00000|100%| E|CS|TAMS 0x0000000441800000, 0x0000000441800000| Complete 
| 252|0x0000000441c00000, 0x0000000442000000, 0x0000000442000000|100%| E|CS|TAMS 0x0000000441c00000, 0x0000000441c00000| Complete 
| 253|0x0000000442000000, 0x0000000442400000, 0x0000000442400000|100%| E|CS|TAMS 0x0000000442000000, 0x0000000442000000| Complete 
| 254|0x0000000442400000, 0x0000000442800000, 0x0000000442800000|100%| E|CS|TAMS 0x0000000442400000, 0x0000000442400000| Complete 
| 255|0x0000000442800000, 0x0000000442c00000, 0x0000000442c00000|100%| E|CS|TAMS 0x0000000442800000, 0x0000000442800000| Complete 
| 256|0x0000000442c00000, 0x0000000443000000, 0x0000000443000000|100%| E|CS|TAMS 0x0000000442c00000, 0x0000000442c00000| Complete 
| 257|0x0000000443000000, 0x0000000443400000, 0x0000000443400000|100%| E|CS|TAMS 0x0000000443000000, 0x0000000443000000| Complete 
| 258|0x0000000443400000, 0x0000000443800000, 0x0000000443800000|100%| E|CS|TAMS 0x0000000443400000, 0x0000000443400000| Complete 
| 259|0x0000000443800000, 0x0000000443c00000, 0x0000000443c00000|100%| E|CS|TAMS 0x0000000443800000, 0x0000000443800000| Complete 
| 260|0x0000000443c00000, 0x0000000444000000, 0x0000000444000000|100%| E|CS|TAMS 0x0000000443c00000, 0x0000000443c00000| Complete 
| 261|0x0000000444000000, 0x0000000444400000, 0x0000000444400000|100%| E|CS|TAMS 0x0000000444000000, 0x0000000444000000| Complete 
| 262|0x0000000444400000, 0x0000000444800000, 0x0000000444800000|100%| E|CS|TAMS 0x0000000444400000, 0x0000000444400000| Complete 
| 263|0x0000000444800000, 0x0000000444c00000, 0x0000000444c00000|100%| E|CS|TAMS 0x0000000444800000, 0x0000000444800000| Complete 
| 264|0x0000000444c00000, 0x0000000445000000, 0x0000000445000000|100%| E|CS|TAMS 0x0000000444c00000, 0x0000000444c00000| Complete 
| 265|0x0000000445000000, 0x0000000445400000, 0x0000000445400000|100%| E|CS|TAMS 0x0000000445000000, 0x0000000445000000| Complete 
| 266|0x0000000445400000, 0x0000000445800000, 0x0000000445800000|100%| E|CS|TAMS 0x0000000445400000, 0x0000000445400000| Complete 
| 267|0x0000000445800000, 0x0000000445c00000, 0x0000000445c00000|100%| E|CS|TAMS 0x0000000445800000, 0x0000000445800000| Complete 
| 268|0x0000000445c00000, 0x0000000446000000, 0x0000000446000000|100%| E|CS|TAMS 0x0000000445c00000, 0x0000000445c00000| Complete 
| 269|0x0000000446000000, 0x0000000446400000, 0x0000000446400000|100%| E|CS|TAMS 0x0000000446000000, 0x0000000446000000| Complete 
| 270|0x0000000446400000, 0x0000000446800000, 0x0000000446800000|100%| E|CS|TAMS 0x0000000446400000, 0x0000000446400000| Complete 
| 271|0x0000000446800000, 0x0000000446c00000, 0x0000000446c00000|100%| E|CS|TAMS 0x0000000446800000, 0x0000000446800000| Complete 
| 272|0x0000000446c00000, 0x0000000447000000, 0x0000000447000000|100%| E|CS|TAMS 0x0000000446c00000, 0x0000000446c00000| Complete 
| 273|0x0000000447000000, 0x0000000447400000, 0x0000000447400000|100%| E|CS|TAMS 0x0000000447000000, 0x0000000447000000| Complete 
| 274|0x0000000447400000, 0x0000000447800000, 0x0000000447800000|100%| E|CS|TAMS 0x0000000447400000, 0x0000000447400000| Complete 
| 275|0x0000000447800000, 0x0000000447c00000, 0x0000000447c00000|100%| E|CS|TAMS 0x0000000447800000, 0x0000000447800000| Complete 
| 276|0x0000000447c00000, 0x0000000448000000, 0x0000000448000000|100%| E|CS|TAMS 0x0000000447c00000, 0x0000000447c00000| Complete 
| 277|0x0000000448000000, 0x0000000448400000, 0x0000000448400000|100%| E|CS|TAMS 0x0000000448000000, 0x0000000448000000| Complete 
| 278|0x0000000448400000, 0x0000000448800000, 0x0000000448800000|100%| E|CS|TAMS 0x0000000448400000, 0x0000000448400000| Complete 
| 279|0x0000000448800000, 0x0000000448c00000, 0x0000000448c00000|100%| E|CS|TAMS 0x0000000448800000, 0x0000000448800000| Complete 
| 280|0x0000000448c00000, 0x0000000449000000, 0x0000000449000000|100%| E|CS|TAMS 0x0000000448c00000, 0x0000000448c00000| Complete 
| 281|0x0000000449000000, 0x0000000449400000, 0x0000000449400000|100%| E|CS|TAMS 0x0000000449000000, 0x0000000449000000| Complete 
| 282|0x0000000449400000, 0x0000000449800000, 0x0000000449800000|100%| E|CS|TAMS 0x0000000449400000, 0x0000000449400000| Complete 
| 283|0x0000000449800000, 0x0000000449c00000, 0x0000000449c00000|100%| E|CS|TAMS 0x0000000449800000, 0x0000000449800000| Complete 
| 284|0x0000000449c00000, 0x000000044a000000, 0x000000044a000000|100%| E|CS|TAMS 0x0000000449c00000, 0x0000000449c00000| Complete 
| 285|0x000000044a000000, 0x000000044a400000, 0x000000044a400000|100%| E|CS|TAMS 0x000000044a000000, 0x000000044a000000| Complete 
| 286|0x000000044a400000, 0x000000044a800000, 0x000000044a800000|100%| E|CS|TAMS 0x000000044a400000, 0x000000044a400000| Complete 
| 287|0x000000044a800000, 0x000000044ac00000, 0x000000044ac00000|100%| E|CS|TAMS 0x000000044a800000, 0x000000044a800000| Complete 
| 288|0x000000044ac00000, 0x000000044b000000, 0x000000044b000000|100%| E|CS|TAMS 0x000000044ac00000, 0x000000044ac00000| Complete 
| 289|0x000000044b000000, 0x000000044b400000, 0x000000044b400000|100%| E|CS|TAMS 0x000000044b000000, 0x000000044b000000| Complete 
| 290|0x000000044b400000, 0x000000044b800000, 0x000000044b800000|100%| E|CS|TAMS 0x000000044b400000, 0x000000044b400000| Complete 
| 291|0x000000044b800000, 0x000000044bc00000, 0x000000044bc00000|100%| E|CS|TAMS 0x000000044b800000, 0x000000044b800000| Complete 
| 292|0x000000044bc00000, 0x000000044c000000, 0x000000044c000000|100%| E|CS|TAMS 0x000000044bc00000, 0x000000044bc00000| Complete 
| 293|0x000000044c000000, 0x000000044c400000, 0x000000044c400000|100%| E|CS|TAMS 0x000000044c000000, 0x000000044c000000| Complete 
| 294|0x000000044c400000, 0x000000044c800000, 0x000000044c800000|100%| E|CS|TAMS 0x000000044c400000, 0x000000044c400000| Complete 
| 295|0x000000044c800000, 0x000000044cc00000, 0x000000044cc00000|100%| E|CS|TAMS 0x000000044c800000, 0x000000044c800000| Complete 
| 296|0x000000044cc00000, 0x000000044d000000, 0x000000044d000000|100%| E|CS|TAMS 0x000000044cc00000, 0x000000044cc00000| Complete 
| 297|0x000000044d000000, 0x000000044d400000, 0x000000044d400000|100%| E|CS|TAMS 0x000000044d000000, 0x000000044d000000| Complete 
| 298|0x000000044d400000, 0x000000044d800000, 0x000000044d800000|100%| E|CS|TAMS 0x000000044d400000, 0x000000044d400000| Complete 
| 299|0x000000044d800000, 0x000000044dc00000, 0x000000044dc00000|100%| E|CS|TAMS 0x000000044d800000, 0x000000044d800000| Complete 
| 300|0x000000044dc00000, 0x000000044e000000, 0x000000044e000000|100%| E|CS|TAMS 0x000000044dc00000, 0x000000044dc00000| Complete 
| 301|0x000000044e000000, 0x000000044e400000, 0x000000044e400000|100%| E|CS|TAMS 0x000000044e000000, 0x000000044e000000| Complete 
| 302|0x000000044e400000, 0x000000044e800000, 0x000000044e800000|100%| E|CS|TAMS 0x000000044e400000, 0x000000044e400000| Complete 
| 303|0x000000044e800000, 0x000000044ec00000, 0x000000044ec00000|100%| E|CS|TAMS 0x000000044e800000, 0x000000044e800000| Complete 
| 304|0x000000044ec00000, 0x000000044f000000, 0x000000044f000000|100%| E|CS|TAMS 0x000000044ec00000, 0x000000044ec00000| Complete 
| 305|0x000000044f000000, 0x000000044f400000, 0x000000044f400000|100%| E|CS|TAMS 0x000000044f000000, 0x000000044f000000| Complete 
| 306|0x000000044f400000, 0x000000044f800000, 0x000000044f800000|100%| E|CS|TAMS 0x000000044f400000, 0x000000044f400000| Complete 
| 307|0x000000044f800000, 0x000000044fc00000, 0x000000044fc00000|100%| E|CS|TAMS 0x000000044f800000, 0x000000044f800000| Complete 
| 308|0x000000044fc00000, 0x0000000450000000, 0x0000000450000000|100%| E|CS|TAMS 0x000000044fc00000, 0x000000044fc00000| Complete 
| 309|0x0000000450000000, 0x0000000450400000, 0x0000000450400000|100%| E|CS|TAMS 0x0000000450000000, 0x0000000450000000| Complete 
| 310|0x0000000450400000, 0x0000000450800000, 0x0000000450800000|100%| E|CS|TAMS 0x0000000450400000, 0x0000000450400000| Complete 
| 311|0x0000000450800000, 0x0000000450c00000, 0x0000000450c00000|100%| E|CS|TAMS 0x0000000450800000, 0x0000000450800000| Complete 
| 312|0x0000000450c00000, 0x0000000451000000, 0x0000000451000000|100%| E|CS|TAMS 0x0000000450c00000, 0x0000000450c00000| Complete 
| 313|0x0000000451000000, 0x0000000451400000, 0x0000000451400000|100%| E|CS|TAMS 0x0000000451000000, 0x0000000451000000| Complete 
| 314|0x0000000451400000, 0x0000000451800000, 0x0000000451800000|100%| E|CS|TAMS 0x0000000451400000, 0x0000000451400000| Complete 
| 315|0x0000000451800000, 0x0000000451c00000, 0x0000000451c00000|100%| E|CS|TAMS 0x0000000451800000, 0x0000000451800000| Complete 
| 316|0x0000000451c00000, 0x0000000452000000, 0x0000000452000000|100%| E|CS|TAMS 0x0000000451c00000, 0x0000000451c00000| Complete 
| 317|0x0000000452000000, 0x0000000452400000, 0x0000000452400000|100%| E|CS|TAMS 0x0000000452000000, 0x0000000452000000| Complete 
| 318|0x0000000452400000, 0x0000000452800000, 0x0000000452800000|100%| E|CS|TAMS 0x0000000452400000, 0x0000000452400000| Complete 
| 319|0x0000000452800000, 0x0000000452c00000, 0x0000000452c00000|100%| E|CS|TAMS 0x0000000452800000, 0x0000000452800000| Complete 
| 320|0x0000000452c00000, 0x0000000453000000, 0x0000000453000000|100%| E|CS|TAMS 0x0000000452c00000, 0x0000000452c00000| Complete 
| 321|0x0000000453000000, 0x0000000453400000, 0x0000000453400000|100%| E|CS|TAMS 0x0000000453000000, 0x0000000453000000| Complete 
| 322|0x0000000453400000, 0x0000000453800000, 0x0000000453800000|100%| E|CS|TAMS 0x0000000453400000, 0x0000000453400000| Complete 
| 323|0x0000000453800000, 0x0000000453c00000, 0x0000000453c00000|100%| E|CS|TAMS 0x0000000453800000, 0x0000000453800000| Complete 
| 324|0x0000000453c00000, 0x0000000454000000, 0x0000000454000000|100%| E|CS|TAMS 0x0000000453c00000, 0x0000000453c00000| Complete 
| 325|0x0000000454000000, 0x0000000454400000, 0x0000000454400000|100%| E|CS|TAMS 0x0000000454000000, 0x0000000454000000| Complete 
| 326|0x0000000454400000, 0x0000000454800000, 0x0000000454800000|100%| E|CS|TAMS 0x0000000454400000, 0x0000000454400000| Complete 
| 327|0x0000000454800000, 0x0000000454c00000, 0x0000000454c00000|100%| E|CS|TAMS 0x0000000454800000, 0x0000000454800000| Complete 
| 328|0x0000000454c00000, 0x0000000455000000, 0x0000000455000000|100%| E|CS|TAMS 0x0000000454c00000, 0x0000000454c00000| Complete 
| 329|0x0000000455000000, 0x0000000455400000, 0x0000000455400000|100%| E|CS|TAMS 0x0000000455000000, 0x0000000455000000| Complete 
| 330|0x0000000455400000, 0x0000000455800000, 0x0000000455800000|100%| E|CS|TAMS 0x0000000455400000, 0x0000000455400000| Complete 
| 331|0x0000000455800000, 0x0000000455c00000, 0x0000000455c00000|100%| E|CS|TAMS 0x0000000455800000, 0x0000000455800000| Complete 
| 332|0x0000000455c00000, 0x0000000456000000, 0x0000000456000000|100%| E|CS|TAMS 0x0000000455c00000, 0x0000000455c00000| Complete 
| 333|0x0000000456000000, 0x0000000456400000, 0x0000000456400000|100%| E|CS|TAMS 0x0000000456000000, 0x0000000456000000| Complete 
| 334|0x0000000456400000, 0x0000000456800000, 0x0000000456800000|100%| E|CS|TAMS 0x0000000456400000, 0x0000000456400000| Complete 
| 335|0x0000000456800000, 0x0000000456c00000, 0x0000000456c00000|100%| E|CS|TAMS 0x0000000456800000, 0x0000000456800000| Complete 
| 336|0x0000000456c00000, 0x0000000457000000, 0x0000000457000000|100%| E|CS|TAMS 0x0000000456c00000, 0x0000000456c00000| Complete 
| 337|0x0000000457000000, 0x0000000457400000, 0x0000000457400000|100%| E|CS|TAMS 0x0000000457000000, 0x0000000457000000| Complete 
| 338|0x0000000457400000, 0x0000000457800000, 0x0000000457800000|100%| E|CS|TAMS 0x0000000457400000, 0x0000000457400000| Complete 
| 339|0x0000000457800000, 0x0000000457c00000, 0x0000000457c00000|100%| E|CS|TAMS 0x0000000457800000, 0x0000000457800000| Complete 
| 340|0x0000000457c00000, 0x0000000458000000, 0x0000000458000000|100%| E|CS|TAMS 0x0000000457c00000, 0x0000000457c00000| Complete 
| 341|0x0000000458000000, 0x0000000458400000, 0x0000000458400000|100%| E|CS|TAMS 0x0000000458000000, 0x0000000458000000| Complete 
| 342|0x0000000458400000, 0x0000000458800000, 0x0000000458800000|100%| E|CS|TAMS 0x0000000458400000, 0x0000000458400000| Complete 
| 343|0x0000000458800000, 0x0000000458c00000, 0x0000000458c00000|100%| E|CS|TAMS 0x0000000458800000, 0x0000000458800000| Complete 
| 344|0x0000000458c00000, 0x0000000459000000, 0x0000000459000000|100%| E|CS|TAMS 0x0000000458c00000, 0x0000000458c00000| Complete 
| 345|0x0000000459000000, 0x0000000459400000, 0x0000000459400000|100%| E|CS|TAMS 0x0000000459000000, 0x0000000459000000| Complete 
| 346|0x0000000459400000, 0x0000000459800000, 0x0000000459800000|100%| E|CS|TAMS 0x0000000459400000, 0x0000000459400000| Complete 
| 347|0x0000000459800000, 0x0000000459c00000, 0x0000000459c00000|100%| E|CS|TAMS 0x0000000459800000, 0x0000000459800000| Complete 
| 348|0x0000000459c00000, 0x000000045a000000, 0x000000045a000000|100%| E|CS|TAMS 0x0000000459c00000, 0x0000000459c00000| Complete 
| 349|0x000000045a000000, 0x000000045a400000, 0x000000045a400000|100%| E|CS|TAMS 0x000000045a000000, 0x000000045a000000| Complete 
| 350|0x000000045a400000, 0x000000045a800000, 0x000000045a800000|100%| E|CS|TAMS 0x000000045a400000, 0x000000045a400000| Complete 
| 351|0x000000045a800000, 0x000000045ac00000, 0x000000045ac00000|100%| E|CS|TAMS 0x000000045a800000, 0x000000045a800000| Complete 
| 352|0x000000045ac00000, 0x000000045b000000, 0x000000045b000000|100%| E|CS|TAMS 0x000000045ac00000, 0x000000045ac00000| Complete 
| 353|0x000000045b000000, 0x000000045b400000, 0x000000045b400000|100%| E|CS|TAMS 0x000000045b000000, 0x000000045b000000| Complete 
| 354|0x000000045b400000, 0x000000045b800000, 0x000000045b800000|100%| E|CS|TAMS 0x000000045b400000, 0x000000045b400000| Complete 
| 355|0x000000045b800000, 0x000000045bc00000, 0x000000045bc00000|100%| E|CS|TAMS 0x000000045b800000, 0x000000045b800000| Complete 
| 356|0x000000045bc00000, 0x000000045c000000, 0x000000045c000000|100%| E|CS|TAMS 0x000000045bc00000, 0x000000045bc00000| Complete 
| 357|0x000000045c000000, 0x000000045c400000, 0x000000045c400000|100%| E|CS|TAMS 0x000000045c000000, 0x000000045c000000| Complete 
| 358|0x000000045c400000, 0x000000045c800000, 0x000000045c800000|100%| E|CS|TAMS 0x000000045c400000, 0x000000045c400000| Complete 
| 359|0x000000045c800000, 0x000000045cc00000, 0x000000045cc00000|100%| E|CS|TAMS 0x000000045c800000, 0x000000045c800000| Complete 
| 360|0x000000045cc00000, 0x000000045d000000, 0x000000045d000000|100%| E|CS|TAMS 0x000000045cc00000, 0x000000045cc00000| Complete 
| 361|0x000000045d000000, 0x000000045d400000, 0x000000045d400000|100%| E|CS|TAMS 0x000000045d000000, 0x000000045d000000| Complete 
| 362|0x000000045d400000, 0x000000045d800000, 0x000000045d800000|100%| E|CS|TAMS 0x000000045d400000, 0x000000045d400000| Complete 
| 363|0x000000045d800000, 0x000000045dc00000, 0x000000045dc00000|100%| E|CS|TAMS 0x000000045d800000, 0x000000045d800000| Complete 
| 364|0x000000045dc00000, 0x000000045e000000, 0x000000045e000000|100%| E|CS|TAMS 0x000000045dc00000, 0x000000045dc00000| Complete 
| 365|0x000000045e000000, 0x000000045e400000, 0x000000045e400000|100%| E|CS|TAMS 0x000000045e000000, 0x000000045e000000| Complete 
| 366|0x000000045e400000, 0x000000045e800000, 0x000000045e800000|100%| E|CS|TAMS 0x000000045e400000, 0x000000045e400000| Complete 
| 367|0x000000045e800000, 0x000000045ec00000, 0x000000045ec00000|100%| E|CS|TAMS 0x000000045e800000, 0x000000045e800000| Complete 
| 368|0x000000045ec00000, 0x000000045f000000, 0x000000045f000000|100%| E|CS|TAMS 0x000000045ec00000, 0x000000045ec00000| Complete 
| 369|0x000000045f000000, 0x000000045f400000, 0x000000045f400000|100%| E|CS|TAMS 0x000000045f000000, 0x000000045f000000| Complete 
| 370|0x000000045f400000, 0x000000045f800000, 0x000000045f800000|100%| E|CS|TAMS 0x000000045f400000, 0x000000045f400000| Complete 
| 371|0x000000045f800000, 0x000000045fc00000, 0x000000045fc00000|100%| E|CS|TAMS 0x000000045f800000, 0x000000045f800000| Complete 
| 372|0x000000045fc00000, 0x0000000460000000, 0x0000000460000000|100%| E|CS|TAMS 0x000000045fc00000, 0x000000045fc00000| Complete 
| 373|0x0000000460000000, 0x0000000460400000, 0x0000000460400000|100%| E|CS|TAMS 0x0000000460000000, 0x0000000460000000| Complete 
| 374|0x0000000460400000, 0x0000000460800000, 0x0000000460800000|100%| E|CS|TAMS 0x0000000460400000, 0x0000000460400000| Complete 
| 375|0x0000000460800000, 0x0000000460c00000, 0x0000000460c00000|100%| E|CS|TAMS 0x0000000460800000, 0x0000000460800000| Complete 
| 376|0x0000000460c00000, 0x0000000461000000, 0x0000000461000000|100%| E|CS|TAMS 0x0000000460c00000, 0x0000000460c00000| Complete 
| 377|0x0000000461000000, 0x0000000461400000, 0x0000000461400000|100%| E|CS|TAMS 0x0000000461000000, 0x0000000461000000| Complete 
| 378|0x0000000461400000, 0x0000000461800000, 0x0000000461800000|100%| E|CS|TAMS 0x0000000461400000, 0x0000000461400000| Complete 
| 379|0x0000000461800000, 0x0000000461c00000, 0x0000000461c00000|100%| E|CS|TAMS 0x0000000461800000, 0x0000000461800000| Complete 
| 380|0x0000000461c00000, 0x0000000462000000, 0x0000000462000000|100%| E|CS|TAMS 0x0000000461c00000, 0x0000000461c00000| Complete 
| 381|0x0000000462000000, 0x0000000462400000, 0x0000000462400000|100%| E|CS|TAMS 0x0000000462000000, 0x0000000462000000| Complete 
| 382|0x0000000462400000, 0x0000000462800000, 0x0000000462800000|100%| E|CS|TAMS 0x0000000462400000, 0x0000000462400000| Complete 
| 383|0x0000000462800000, 0x0000000462c00000, 0x0000000462c00000|100%| E|CS|TAMS 0x0000000462800000, 0x0000000462800000| Complete 
| 384|0x0000000462c00000, 0x0000000463000000, 0x0000000463000000|100%| E|CS|TAMS 0x0000000462c00000, 0x0000000462c00000| Complete 
| 385|0x0000000463000000, 0x0000000463400000, 0x0000000463400000|100%| E|CS|TAMS 0x0000000463000000, 0x0000000463000000| Complete 
| 386|0x0000000463400000, 0x0000000463800000, 0x0000000463800000|100%| E|CS|TAMS 0x0000000463400000, 0x0000000463400000| Complete 
| 387|0x0000000463800000, 0x0000000463c00000, 0x0000000463c00000|100%| E|CS|TAMS 0x0000000463800000, 0x0000000463800000| Complete 
| 388|0x0000000463c00000, 0x0000000464000000, 0x0000000464000000|100%| E|CS|TAMS 0x0000000463c00000, 0x0000000463c00000| Complete 
| 389|0x0000000464000000, 0x0000000464400000, 0x0000000464400000|100%| E|CS|TAMS 0x0000000464000000, 0x0000000464000000| Complete 
| 390|0x0000000464400000, 0x0000000464800000, 0x0000000464800000|100%| E|CS|TAMS 0x0000000464400000, 0x0000000464400000| Complete 
| 391|0x0000000464800000, 0x0000000464c00000, 0x0000000464c00000|100%| E|CS|TAMS 0x0000000464800000, 0x0000000464800000| Complete 
| 392|0x0000000464c00000, 0x0000000465000000, 0x0000000465000000|100%| E|CS|TAMS 0x0000000464c00000, 0x0000000464c00000| Complete 
| 393|0x0000000465000000, 0x0000000465400000, 0x0000000465400000|100%| E|CS|TAMS 0x0000000465000000, 0x0000000465000000| Complete 
| 394|0x0000000465400000, 0x0000000465800000, 0x0000000465800000|100%| E|CS|TAMS 0x0000000465400000, 0x0000000465400000| Complete 
| 395|0x0000000465800000, 0x0000000465c00000, 0x0000000465c00000|100%| E|CS|TAMS 0x0000000465800000, 0x0000000465800000| Complete 
| 396|0x0000000465c00000, 0x0000000466000000, 0x0000000466000000|100%| E|CS|TAMS 0x0000000465c00000, 0x0000000465c00000| Complete 
| 397|0x0000000466000000, 0x0000000466400000, 0x0000000466400000|100%| E|CS|TAMS 0x0000000466000000, 0x0000000466000000| Complete 
| 398|0x0000000466400000, 0x0000000466800000, 0x0000000466800000|100%| E|CS|TAMS 0x0000000466400000, 0x0000000466400000| Complete 
| 399|0x0000000466800000, 0x0000000466c00000, 0x0000000466c00000|100%| E|CS|TAMS 0x0000000466800000, 0x0000000466800000| Complete 
| 400|0x0000000466c00000, 0x0000000467000000, 0x0000000467000000|100%| E|CS|TAMS 0x0000000466c00000, 0x0000000466c00000| Complete 
| 401|0x0000000467000000, 0x0000000467400000, 0x0000000467400000|100%| E|CS|TAMS 0x0000000467000000, 0x0000000467000000| Complete 
| 402|0x0000000467400000, 0x0000000467800000, 0x0000000467800000|100%| E|CS|TAMS 0x0000000467400000, 0x0000000467400000| Complete 
| 403|0x0000000467800000, 0x0000000467c00000, 0x0000000467c00000|100%| E|CS|TAMS 0x0000000467800000, 0x0000000467800000| Complete 
| 404|0x0000000467c00000, 0x0000000468000000, 0x0000000468000000|100%| E|CS|TAMS 0x0000000467c00000, 0x0000000467c00000| Complete 
| 405|0x0000000468000000, 0x0000000468400000, 0x0000000468400000|100%| E|CS|TAMS 0x0000000468000000, 0x0000000468000000| Complete 
| 406|0x0000000468400000, 0x0000000468800000, 0x0000000468800000|100%| E|CS|TAMS 0x0000000468400000, 0x0000000468400000| Complete 
| 407|0x0000000468800000, 0x0000000468c00000, 0x0000000468c00000|100%| E|CS|TAMS 0x0000000468800000, 0x0000000468800000| Complete 
| 408|0x0000000468c00000, 0x0000000469000000, 0x0000000469000000|100%| E|CS|TAMS 0x0000000468c00000, 0x0000000468c00000| Complete 
| 409|0x0000000469000000, 0x0000000469400000, 0x0000000469400000|100%| E|CS|TAMS 0x0000000469000000, 0x0000000469000000| Complete 
| 410|0x0000000469400000, 0x0000000469800000, 0x0000000469800000|100%| E|CS|TAMS 0x0000000469400000, 0x0000000469400000| Complete 
| 411|0x0000000469800000, 0x0000000469c00000, 0x0000000469c00000|100%| E|CS|TAMS 0x0000000469800000, 0x0000000469800000| Complete 
| 412|0x0000000469c00000, 0x000000046a000000, 0x000000046a000000|100%| E|CS|TAMS 0x0000000469c00000, 0x0000000469c00000| Complete 
| 413|0x000000046a000000, 0x000000046a400000, 0x000000046a400000|100%| E|CS|TAMS 0x000000046a000000, 0x000000046a000000| Complete 
| 414|0x000000046a400000, 0x000000046a800000, 0x000000046a800000|100%| E|CS|TAMS 0x000000046a400000, 0x000000046a400000| Complete 
| 415|0x000000046a800000, 0x000000046ac00000, 0x000000046ac00000|100%| E|CS|TAMS 0x000000046a800000, 0x000000046a800000| Complete 
| 416|0x000000046ac00000, 0x000000046b000000, 0x000000046b000000|100%| E|CS|TAMS 0x000000046ac00000, 0x000000046ac00000| Complete 
| 417|0x000000046b000000, 0x000000046b400000, 0x000000046b400000|100%| E|CS|TAMS 0x000000046b000000, 0x000000046b000000| Complete 
| 418|0x000000046b400000, 0x000000046b800000, 0x000000046b800000|100%| E|CS|TAMS 0x000000046b400000, 0x000000046b400000| Complete 
| 419|0x000000046b800000, 0x000000046bc00000, 0x000000046bc00000|100%| E|CS|TAMS 0x000000046b800000, 0x000000046b800000| Complete 
| 420|0x000000046bc00000, 0x000000046c000000, 0x000000046c000000|100%| E|CS|TAMS 0x000000046bc00000, 0x000000046bc00000| Complete 
| 421|0x000000046c000000, 0x000000046c400000, 0x000000046c400000|100%| E|CS|TAMS 0x000000046c000000, 0x000000046c000000| Complete 
| 422|0x000000046c400000, 0x000000046c800000, 0x000000046c800000|100%| E|CS|TAMS 0x000000046c400000, 0x000000046c400000| Complete 
| 423|0x000000046c800000, 0x000000046cc00000, 0x000000046cc00000|100%| E|CS|TAMS 0x000000046c800000, 0x000000046c800000| Complete 
| 424|0x000000046cc00000, 0x000000046d000000, 0x000000046d000000|100%| E|CS|TAMS 0x000000046cc00000, 0x000000046cc00000| Complete 
| 425|0x000000046d000000, 0x000000046d400000, 0x000000046d400000|100%| E|CS|TAMS 0x000000046d000000, 0x000000046d000000| Complete 
| 426|0x000000046d400000, 0x000000046d800000, 0x000000046d800000|100%| E|CS|TAMS 0x000000046d400000, 0x000000046d400000| Complete 
| 427|0x000000046d800000, 0x000000046dc00000, 0x000000046dc00000|100%| E|CS|TAMS 0x000000046d800000, 0x000000046d800000| Complete 
| 428|0x000000046dc00000, 0x000000046e000000, 0x000000046e000000|100%| E|CS|TAMS 0x000000046dc00000, 0x000000046dc00000| Complete 
| 429|0x000000046e000000, 0x000000046e400000, 0x000000046e400000|100%| E|CS|TAMS 0x000000046e000000, 0x000000046e000000| Complete 
| 430|0x000000046e400000, 0x000000046e800000, 0x000000046e800000|100%| E|CS|TAMS 0x000000046e400000, 0x000000046e400000| Complete 
| 431|0x000000046e800000, 0x000000046ec00000, 0x000000046ec00000|100%| E|CS|TAMS 0x000000046e800000, 0x000000046e800000| Complete 
| 432|0x000000046ec00000, 0x000000046f000000, 0x000000046f000000|100%| E|CS|TAMS 0x000000046ec00000, 0x000000046ec00000| Complete 
| 433|0x000000046f000000, 0x000000046f400000, 0x000000046f400000|100%| E|CS|TAMS 0x000000046f000000, 0x000000046f000000| Complete 
| 434|0x000000046f400000, 0x000000046f800000, 0x000000046f800000|100%| E|CS|TAMS 0x000000046f400000, 0x000000046f400000| Complete 
| 435|0x000000046f800000, 0x000000046fc00000, 0x000000046fc00000|100%| E|CS|TAMS 0x000000046f800000, 0x000000046f800000| Complete 
| 436|0x000000046fc00000, 0x0000000470000000, 0x0000000470000000|100%| E|CS|TAMS 0x000000046fc00000, 0x000000046fc00000| Complete 
| 437|0x0000000470000000, 0x0000000470400000, 0x0000000470400000|100%| E|CS|TAMS 0x0000000470000000, 0x0000000470000000| Complete 
| 438|0x0000000470400000, 0x0000000470800000, 0x0000000470800000|100%| E|CS|TAMS 0x0000000470400000, 0x0000000470400000| Complete 
| 439|0x0000000470800000, 0x0000000470c00000, 0x0000000470c00000|100%| E|CS|TAMS 0x0000000470800000, 0x0000000470800000| Complete 
| 440|0x0000000470c00000, 0x0000000471000000, 0x0000000471000000|100%| E|CS|TAMS 0x0000000470c00000, 0x0000000470c00000| Complete 
| 441|0x0000000471000000, 0x0000000471400000, 0x0000000471400000|100%| E|CS|TAMS 0x0000000471000000, 0x0000000471000000| Complete 
| 442|0x0000000471400000, 0x0000000471800000, 0x0000000471800000|100%| E|CS|TAMS 0x0000000471400000, 0x0000000471400000| Complete 
| 443|0x0000000471800000, 0x0000000471c00000, 0x0000000471c00000|100%| E|CS|TAMS 0x0000000471800000, 0x0000000471800000| Complete 
| 444|0x0000000471c00000, 0x0000000472000000, 0x0000000472000000|100%| E|CS|TAMS 0x0000000471c00000, 0x0000000471c00000| Complete 
| 445|0x0000000472000000, 0x0000000472400000, 0x0000000472400000|100%| E|CS|TAMS 0x0000000472000000, 0x0000000472000000| Complete 
| 446|0x0000000472400000, 0x0000000472800000, 0x0000000472800000|100%| E|CS|TAMS 0x0000000472400000, 0x0000000472400000| Complete 
| 447|0x0000000472800000, 0x0000000472c00000, 0x0000000472c00000|100%| E|CS|TAMS 0x0000000472800000, 0x0000000472800000| Complete 
| 448|0x0000000472c00000, 0x0000000473000000, 0x0000000473000000|100%| E|CS|TAMS 0x0000000472c00000, 0x0000000472c00000| Complete 
| 449|0x0000000473000000, 0x0000000473400000, 0x0000000473400000|100%| E|CS|TAMS 0x0000000473000000, 0x0000000473000000| Complete 
| 450|0x0000000473400000, 0x0000000473800000, 0x0000000473800000|100%| E|CS|TAMS 0x0000000473400000, 0x0000000473400000| Complete 
| 451|0x0000000473800000, 0x0000000473c00000, 0x0000000473c00000|100%| E|CS|TAMS 0x0000000473800000, 0x0000000473800000| Complete 
| 452|0x0000000473c00000, 0x0000000474000000, 0x0000000474000000|100%| E|CS|TAMS 0x0000000473c00000, 0x0000000473c00000| Complete 
| 453|0x0000000474000000, 0x0000000474400000, 0x0000000474400000|100%| E|CS|TAMS 0x0000000474000000, 0x0000000474000000| Complete 

Card table byte_map: [0x000001cb4c820000,0x000001cb4e810000] _byte_map_base: 0x000001cb4a80a000

Marking Bits (Prev, Next): (CMBitMap*) 0x000001cb32bbb430, (CMBitMap*) 0x000001cb32bbb3f8
 Prev Bits: [0x000001cb60750000, 0x000001cb706a0000)
 Next Bits: [0x000001cb50800000, 0x000001cb60750000)

Polling page: 0x000001cb30a60000

Metaspace:

Usage:
  Non-class:     20.80 MB capacity,    20.48 MB ( 98%) used,   270.78 KB (  1%) free+waste,    57.19 KB ( <1%) overhead. 
      Class:      2.32 MB capacity,     2.12 MB ( 91%) used,   179.20 KB (  8%) free+waste,    24.75 KB (  1%) overhead. 
       Both:     23.11 MB capacity,    22.59 MB ( 98%) used,   449.98 KB (  2%) free+waste,    81.94 KB ( <1%) overhead. 

Virtual space:
  Non-class space:       22.00 MB reserved,      21.00 MB ( 95%) committed 
      Class space:        1.00 GB reserved,       2.50 MB ( <1%) committed 
             Both:        1.02 GB reserved,      23.50 MB (  2%) committed 

Chunk freelists:
   Non-Class:  26.13 KB
       Class:  19.50 KB
        Both:  45.63 KB

CodeHeap 'non-profiled nmethods': size=119168Kb used=6001Kb max_used=6118Kb free=113166Kb
 bounds [0x000001cb42b50000, 0x000001cb43150000, 0x000001cb49fb0000]
CodeHeap 'profiled nmethods': size=119168Kb used=11034Kb max_used=11034Kb free=108133Kb
 bounds [0x000001cb3b6f0000, 0x000001cb3c1c0000, 0x000001cb42b50000]
CodeHeap 'non-nmethods': size=7424Kb used=1210Kb max_used=2991Kb free=6213Kb
 bounds [0x000001cb3afb0000, 0x000001cb3b340000, 0x000001cb3b6f0000]
 total_blobs=5339 nmethods=4789 adapters=461
 compilation: enabled
              stopped_count=0, restarted_count=0
 full_count=0

Compilation events (10 events):
Event: 5677.887 Thread 0x000001cb73a54000 5290       1       sun.nio.fs.WindowsPathParser$Result::root (5 bytes)
Event: 5677.887 Thread 0x000001cb73a54000 nmethod 5290 0x000001cb42d87190 code [0x000001cb42d87320, 0x000001cb42d873d8]
Event: 5677.887 Thread 0x000001cb73a54000 5291       1       sun.nio.fs.WindowsPathParser$Result::path (5 bytes)
Event: 5677.887 Thread 0x000001cb73a54000 nmethod 5291 0x000001cb42d89e10 code [0x000001cb42d89fa0, 0x000001cb42d8a058]
Event: 5677.895 Thread 0x000001cb73a54000 5292       3       com.sun.mail.util.PropUtil::getBooleanProperty (10 bytes)
Event: 5677.895 Thread 0x000001cb73a54000 nmethod 5292 0x000001cb3c1b9d90 code [0x000001cb3c1b9f60, 0x000001cb3c1ba2c8]
Event: 5678.544 Thread 0x000001cb73a54000 5293       3       com.sun.mail.util.CRLFOutputStream::write (9 bytes)
Event: 5678.544 Thread 0x000001cb73a54000 nmethod 5293 0x000001cb3c1ba410 code [0x000001cb3c1ba5c0, 0x000001cb3c1ba788]
Event: 5683.289 Thread 0x000001cb73a52000 5294       4       sun.net.util.IPAddressUtil::checkHostString (53 bytes)
Event: 5683.289 Thread 0x000001cb73a52000 nmethod 5294 0x000001cb42d89a90 code [0x000001cb42d89c20, 0x000001cb42d89c98]

GC Heap History (10 events):
Event: 5736.510 GC heap after
{Heap after GC invocations=16183 (full 12):
 garbage-first heap   total 929792K, used 284376K [0x0000000402c00000, 0x0000000800000000)
  region size 4096K, 4 young (16384K), 4 survivors (16384K)
 Metaspace       used 23135K, capacity 23667K, committed 24064K, reserved 1071104K
  class space    used 2168K, capacity 2372K, committed 2560K, reserved 1048576K
}
Event: 5736.588 GC heap before
{Heap before GC invocations=16183 (full 12):
 garbage-first heap   total 929792K, used 784088K [0x0000000402c00000, 0x0000000800000000)
  region size 4096K, 126 young (516096K), 4 survivors (16384K)
 Metaspace       used 23135K, capacity 23667K, committed 24064K, reserved 1071104K
  class space    used 2168K, capacity 2372K, committed 2560K, reserved 1048576K
}
Event: 5736.596 GC heap after
{Heap after GC invocations=16184 (full 12):
 garbage-first heap   total 929792K, used 284641K [0x0000000402c00000, 0x0000000800000000)
  region size 4096K, 4 young (16384K), 4 survivors (16384K)
 Metaspace       used 23135K, capacity 23667K, committed 24064K, reserved 1071104K
  class space    used 2168K, capacity 2372K, committed 2560K, reserved 1048576K
}
Event: 5736.677 GC heap before
{Heap before GC invocations=16184 (full 12):
 garbage-first heap   total 929792K, used 784353K [0x0000000402c00000, 0x0000000800000000)
  region size 4096K, 126 young (516096K), 4 survivors (16384K)
 Metaspace       used 23135K, capacity 23667K, committed 24064K, reserved 1071104K
  class space    used 2168K, capacity 2372K, committed 2560K, reserved 1048576K
}
Event: 5736.687 GC heap after
{Heap after GC invocations=16185 (full 12):
 garbage-first heap   total 929792K, used 284700K [0x0000000402c00000, 0x0000000800000000)
  region size 4096K, 4 young (16384K), 4 survivors (16384K)
 Metaspace       used 23135K, capacity 23667K, committed 24064K, reserved 1071104K
  class space    used 2168K, capacity 2372K, committed 2560K, reserved 1048576K
}
Event: 5736.762 GC heap before
{Heap before GC invocations=16185 (full 12):
 garbage-first heap   total 929792K, used 784412K [0x0000000402c00000, 0x0000000800000000)
  region size 4096K, 126 young (516096K), 4 survivors (16384K)
 Metaspace       used 23135K, capacity 23667K, committed 24064K, reserved 1071104K
  class space    used 2168K, capacity 2372K, committed 2560K, reserved 1048576K
}
Event: 5736.770 GC heap after
{Heap after GC invocations=16186 (full 12):
 garbage-first heap   total 929792K, used 284646K [0x0000000402c00000, 0x0000000800000000)
  region size 4096K, 4 young (16384K), 4 survivors (16384K)
 Metaspace       used 23135K, capacity 23667K, committed 24064K, reserved 1071104K
  class space    used 2168K, capacity 2372K, committed 2560K, reserved 1048576K
}
Event: 5736.847 GC heap before
{Heap before GC invocations=16186 (full 12):
 garbage-first heap   total 929792K, used 784358K [0x0000000402c00000, 0x0000000800000000)
  region size 4096K, 126 young (516096K), 4 survivors (16384K)
 Metaspace       used 23135K, capacity 23667K, committed 24064K, reserved 1071104K
  class space    used 2168K, capacity 2372K, committed 2560K, reserved 1048576K
}
Event: 5736.856 GC heap after
{Heap after GC invocations=16187 (full 12):
 garbage-first heap   total 1859584K, used 285029K [0x0000000402c00000, 0x0000000800000000)
  region size 4096K, 4 young (16384K), 4 survivors (16384K)
 Metaspace       used 23135K, capacity 23667K, committed 24064K, reserved 1071104K
  class space    used 2168K, capacity 2372K, committed 2560K, reserved 1048576K
}
Event: 5737.016 GC heap before
{Heap before GC invocations=16187 (full 12):
 garbage-first heap   total 1859584K, used 1153381K [0x0000000402c00000, 0x0000000800000000)
  region size 4096K, 216 young (884736K), 4 survivors (16384K)
 Metaspace       used 23135K, capacity 23667K, committed 24064K, reserved 1071104K
  class space    used 2168K, capacity 2372K, committed 2560K, reserved 1048576K
}

Deoptimization events (10 events):
Event: 1997.252 Thread 0x000001cb7c111800 Uncommon trap: reason=unstable_if action=reinterpret pc=0x000001cb42f3c574 method=jdk.internal.math.FloatingDecimal$BinaryToASCIIBuffer.getChars([C)I @ 399 c2
Event: 2014.174 Thread 0x000001cb32af8800 Uncommon trap: reason=profile_predicate action=maybe_recompile pc=0x000001cb42c9f704 method=com.sun.jna.Function.invoke(Ljava/lang/reflect/Method;[Ljava/lang/Class;Ljava/lang/Class;[Ljava/lang/Object;Ljava/util/Map;)Ljava/lang/Object; @ 129 c2
Event: 2014.174 Thread 0x000001cb32af8800 Uncommon trap: reason=profile_predicate action=maybe_recompile pc=0x000001cb42c9f704 method=com.sun.jna.Function.invoke(Ljava/lang/reflect/Method;[Ljava/lang/Class;Ljava/lang/Class;[Ljava/lang/Object;Ljava/util/Map;)Ljava/lang/Object; @ 129 c2
Event: 2014.175 Thread 0x000001cb32af8800 Uncommon trap: reason=profile_predicate action=maybe_recompile pc=0x000001cb42c9f704 method=com.sun.jna.Function.invoke(Ljava/lang/reflect/Method;[Ljava/lang/Class;Ljava/lang/Class;[Ljava/lang/Object;Ljava/util/Map;)Ljava/lang/Object; @ 129 c2
Event: 2014.175 Thread 0x000001cb32af8800 Uncommon trap: reason=profile_predicate action=maybe_recompile pc=0x000001cb42c9f704 method=com.sun.jna.Function.invoke(Ljava/lang/reflect/Method;[Ljava/lang/Class;Ljava/lang/Class;[Ljava/lang/Object;Ljava/util/Map;)Ljava/lang/Object; @ 129 c2
Event: 3145.467 Thread 0x000001cb32af8800 Uncommon trap: reason=null_check action=make_not_entrant pc=0x000001cb42c9c8dc method=com.sun.jna.Function.invoke(Ljava/lang/reflect/Method;[Ljava/lang/Class;Ljava/lang/Class;[Ljava/lang/Object;Ljava/util/Map;)Ljava/lang/Object; @ 207 c2
Event: 3361.187 Thread 0x000001cb32af8800 Uncommon trap: reason=profile_predicate action=maybe_recompile pc=0x000001cb42cba2d4 method=java.util.regex.Pattern$Slice.match(Ljava/util/regex/Matcher;ILjava/lang/CharSequence;)Z @ 18 c2
Event: 3361.187 Thread 0x000001cb32af8800 Uncommon trap: reason=profile_predicate action=maybe_recompile pc=0x000001cb42cba2d4 method=java.util.regex.Pattern$Slice.match(Ljava/util/regex/Matcher;ILjava/lang/CharSequence;)Z @ 18 c2
Event: 3361.187 Thread 0x000001cb32af8800 Uncommon trap: reason=profile_predicate action=maybe_recompile pc=0x000001cb42cba2d4 method=java.util.regex.Pattern$Slice.match(Ljava/util/regex/Matcher;ILjava/lang/CharSequence;)Z @ 18 c2
Event: 3361.187 Thread 0x000001cb32af8800 Uncommon trap: reason=profile_predicate action=maybe_recompile pc=0x000001cb42cba2d4 method=java.util.regex.Pattern$Slice.match(Ljava/util/regex/Matcher;ILjava/lang/CharSequence;)Z @ 18 c2

Classes redefined (0 events):
No events

Internal exceptions (10 events):
Event: 1368.101 Thread 0x000001cb32af8800 Implicit null exception at 0x000001cb4305a869 to 0x000001cb4305b1c0
Event: 1368.101 Thread 0x000001cb32af8800 Implicit null exception at 0x000001cb4305c7ad to 0x000001cb4305e6bc
Event: 1368.132 Thread 0x000001cb32af8800 Implicit null exception at 0x000001cb42beb8f3 to 0x000001cb42bedee4
Event: 1369.138 Thread 0x000001cb32af8800 Implicit null exception at 0x000001cb42bf3293 to 0x000001cb42bf3f7c
Event: 1370.505 Thread 0x000001cb739bf800 Implicit null exception at 0x000001cb43075d38 to 0x000001cb430761e3
Event: 2014.174 Thread 0x000001cb32af8800 Implicit null exception at 0x000001cb42c9e782 to 0x000001cb42c9f6c4
Event: 2014.174 Thread 0x000001cb32af8800 Implicit null exception at 0x000001cb42c9e782 to 0x000001cb42c9f6c4
Event: 2014.175 Thread 0x000001cb32af8800 Implicit null exception at 0x000001cb42c9e782 to 0x000001cb42c9f6c4
Event: 2014.175 Thread 0x000001cb32af8800 Implicit null exception at 0x000001cb42c9e782 to 0x000001cb42c9f6c4
Event: 3145.467 Thread 0x000001cb32af8800 Implicit null exception at 0x000001cb42c9b4d3 to 0x000001cb42c9c8b0

Events (10 events):
Event: 5736.510 Executing VM operation: G1CollectForAllocation done
Event: 5736.587 Executing VM operation: G1CollectForAllocation
Event: 5736.596 Executing VM operation: G1CollectForAllocation done
Event: 5736.677 Executing VM operation: G1CollectForAllocation
Event: 5736.687 Executing VM operation: G1CollectForAllocation done
Event: 5736.762 Executing VM operation: G1CollectForAllocation
Event: 5736.770 Executing VM operation: G1CollectForAllocation done
Event: 5736.846 Executing VM operation: G1CollectForAllocation
Event: 5736.856 Executing VM operation: G1CollectForAllocation done
Event: 5737.016 Executing VM operation: G1CollectForAllocation


Dynamic libraries:
0x00007ff7db7c0000 - 0x00007ff7db7cf000 	C:\keys\jdk-11.0.11_windows-x64_bin\jdk-11.0.11\bin\java.exe
0x00007ffda39d0000 - 0x00007ffda3bc5000 	C:\WINDOWS\SYSTEM32\ntdll.dll
0x00007ffda35f0000 - 0x00007ffda36ae000 	C:\WINDOWS\System32\KERNEL32.DLL
0x00007ffda1200000 - 0x00007ffda14c8000 	C:\WINDOWS\System32\KERNELBASE.dll
0x00007ffda16e0000 - 0x00007ffda17e0000 	C:\WINDOWS\System32\ucrtbase.dll
0x00007ffd64b40000 - 0x00007ffd64b58000 	C:\keys\jdk-11.0.11_windows-x64_bin\jdk-11.0.11\bin\jli.dll
0x00007ffd64af0000 - 0x00007ffd64b05000 	C:\keys\jdk-11.0.11_windows-x64_bin\jdk-11.0.11\bin\VCRUNTIME140.dll
0x00007ffda34a0000 - 0x00007ffda354c000 	C:\WINDOWS\System32\ADVAPI32.dll
0x00007ffda25a0000 - 0x00007ffda263e000 	C:\WINDOWS\System32\msvcrt.dll
0x00007ffda3550000 - 0x00007ffda35eb000 	C:\WINDOWS\System32\sechost.dll
0x00007ffda36b0000 - 0x00007ffda37da000 	C:\WINDOWS\System32\RPCRT4.dll
0x00007ffda37e0000 - 0x00007ffda3981000 	C:\WINDOWS\System32\USER32.dll
0x00007ffda19f0000 - 0x00007ffda1a12000 	C:\WINDOWS\System32\win32u.dll
0x00007ffda1d30000 - 0x00007ffda1d5b000 	C:\WINDOWS\System32\GDI32.dll
0x00007ffd907d0000 - 0x00007ffd90a6a000 	C:\WINDOWS\WinSxS\amd64_microsoft.windows.common-controls_6595b64144ccf1df_6.0.19041.1110_none_60b5254171f9507e\COMCTL32.dll
0x00007ffda10f0000 - 0x00007ffda11fb000 	C:\WINDOWS\System32\gdi32full.dll
0x00007ffda14d0000 - 0x00007ffda156d000 	C:\WINDOWS\System32\msvcp_win.dll
0x00007ffd9e480000 - 0x00007ffd9e48a000 	C:\WINDOWS\SYSTEM32\VERSION.dll
0x00007ffda1d60000 - 0x00007ffda1d90000 	C:\WINDOWS\System32\IMM32.DLL
0x00007ffd62690000 - 0x00007ffd6272b000 	C:\keys\jdk-11.0.11_windows-x64_bin\jdk-11.0.11\bin\msvcp140.dll
0x00007ffd61b90000 - 0x00007ffd6268e000 	C:\keys\jdk-11.0.11_windows-x64_bin\jdk-11.0.11\bin\server\jvm.dll
0x00007ffda2af0000 - 0x00007ffda2af8000 	C:\WINDOWS\System32\PSAPI.DLL
0x00007ffd98e80000 - 0x00007ffd98e89000 	C:\WINDOWS\SYSTEM32\WSOCK32.dll
0x00007ffd8c540000 - 0x00007ffd8c567000 	C:\WINDOWS\SYSTEM32\WINMM.dll
0x00007ffda2640000 - 0x00007ffda26ab000 	C:\WINDOWS\System32\WS2_32.dll
0x00007ffd9f010000 - 0x00007ffd9f022000 	C:\WINDOWS\SYSTEM32\kernel.appcore.dll
0x00007ffd906f0000 - 0x00007ffd90700000 	C:\keys\jdk-11.0.11_windows-x64_bin\jdk-11.0.11\bin\verify.dll
0x00007ffd9a170000 - 0x00007ffd9a354000 	C:\WINDOWS\SYSTEM32\DBGHELP.DLL
0x00007ffd8cbc0000 - 0x00007ffd8cbec000 	C:\WINDOWS\SYSTEM32\dbgcore.DLL
0x00007ffda15f0000 - 0x00007ffda1673000 	C:\WINDOWS\System32\bcryptPrimitives.dll
0x00007ffd61b60000 - 0x00007ffd61b88000 	C:\keys\jdk-11.0.11_windows-x64_bin\jdk-11.0.11\bin\java.dll
0x00007ffd8f120000 - 0x00007ffd8f12a000 	C:\keys\jdk-11.0.11_windows-x64_bin\jdk-11.0.11\bin\jimage.dll
0x00007ffd9e3a0000 - 0x00007ffd9e3ae000 	C:\keys\jdk-11.0.11_windows-x64_bin\jdk-11.0.11\bin\instrument.dll
0x00007ffd646e0000 - 0x00007ffd646f6000 	C:\keys\jdk-11.0.11_windows-x64_bin\jdk-11.0.11\bin\zip.dll
0x00007ffda2c20000 - 0x00007ffda335f000 	C:\WINDOWS\System32\SHELL32.dll
0x00007ffd9f210000 - 0x00007ffd9f9a0000 	C:\WINDOWS\SYSTEM32\windows.storage.dll
0x00007ffda2790000 - 0x00007ffda2ae5000 	C:\WINDOWS\System32\combase.dll
0x00007ffda0a70000 - 0x00007ffda0a9e000 	C:\WINDOWS\SYSTEM32\Wldp.dll
0x00007ffda33c0000 - 0x00007ffda346d000 	C:\WINDOWS\System32\SHCORE.dll
0x00007ffda1d90000 - 0x00007ffda1de5000 	C:\WINDOWS\System32\shlwapi.dll
0x00007ffda1030000 - 0x00007ffda104f000 	C:\WINDOWS\SYSTEM32\profapi.dll
0x00007ffd61b40000 - 0x00007ffd61b59000 	C:\keys\jdk-11.0.11_windows-x64_bin\jdk-11.0.11\bin\net.dll
0x00007ffd9d390000 - 0x00007ffd9d49c000 	C:\WINDOWS\SYSTEM32\WINHTTP.dll
0x00007ffda07d0000 - 0x00007ffda083a000 	C:\WINDOWS\system32\mswsock.dll
0x00007ffd61b20000 - 0x00007ffd61b32000 	C:\keys\jdk-11.0.11_windows-x64_bin\jdk-11.0.11\bin\nio.dll
0x00007ffd963d0000 - 0x00007ffd963ea000 	C:\keys\JetBrains\IntelliJ IDEA 2019.2.3\bin\breakgen64.dll
0x00007ffda0500000 - 0x00007ffda05cb000 	C:\WINDOWS\SYSTEM32\DNSAPI.dll
0x00007ffda04c0000 - 0x00007ffda04fb000 	C:\WINDOWS\SYSTEM32\IPHLPAPI.DLL
0x00007ffda3470000 - 0x00007ffda3478000 	C:\WINDOWS\System32\NSI.dll
0x00007ffd9d1c0000 - 0x00007ffd9d1ca000 	C:\Windows\System32\rasadhlp.dll
0x00007ffd9c950000 - 0x00007ffd9c9cf000 	C:\WINDOWS\System32\fwpuclnt.dll
0x00007ffda15c0000 - 0x00007ffda15e7000 	C:\WINDOWS\System32\bcrypt.dll
0x00007ffd8c5c0000 - 0x00007ffd8c5c9000 	C:\keys\jdk-11.0.11_windows-x64_bin\jdk-11.0.11\bin\management.dll
0x00007ffd8c420000 - 0x00007ffd8c42b000 	C:\keys\jdk-11.0.11_windows-x64_bin\jdk-11.0.11\bin\management_ext.dll
0x00007ffda09d0000 - 0x00007ffda09e8000 	C:\WINDOWS\SYSTEM32\CRYPTSP.dll
0x00007ffda0150000 - 0x00007ffda0184000 	C:\WINDOWS\system32\rsaenh.dll
0x00007ffda0ff0000 - 0x00007ffda101e000 	C:\WINDOWS\SYSTEM32\USERENV.dll
0x00007ffda09c0000 - 0x00007ffda09cc000 	C:\WINDOWS\SYSTEM32\CRYPTBASE.dll
0x00007ffd9dea0000 - 0x00007ffd9deb7000 	C:\WINDOWS\SYSTEM32\dhcpcsvc6.DLL
0x00007ffd9de80000 - 0x00007ffd9de9d000 	C:\WINDOWS\SYSTEM32\dhcpcsvc.DLL
0x00007ffd86060000 - 0x00007ffd860a2000 	C:\Users\admin\AppData\Local\Temp\jna-92668751\jna8372074950846851387.dll
0x00007ffd827f0000 - 0x00007ffd82839000 	C:\WINDOWS\SYSTEM32\pdh.dll
0x00007ffd83780000 - 0x00007ffd8378f000 	C:\WINDOWS\System32\perfos.dll
0x00007ffda1c00000 - 0x00007ffda1d2a000 	C:\WINDOWS\System32\Ole32.dll
0x00007ffda1fa0000 - 0x00007ffda2049000 	C:\WINDOWS\System32\clbcatq.dll
0x00007ffda1ab0000 - 0x00007ffda1b7d000 	C:\WINDOWS\System32\OleAut32.dll
0x00007ffd87400000 - 0x00007ffd87419000 	C:\WINDOWS\SYSTEM32\amsi.dll
0x00007ffd9eb30000 - 0x00007ffd9ebce000 	C:\WINDOWS\system32\uxtheme.dll
0x00007ffd6f7c0000 - 0x00007ffd6f80b000 	C:\keys\Listary\ListaryHook64.dll
0x00007ffd837d0000 - 0x00007ffd83836000 	C:\WINDOWS\SYSTEM32\OLEACC.dll
0x00007ffda1570000 - 0x00007ffda15be000 	C:\WINDOWS\System32\cfgmgr32.dll
0x00007ffd84f80000 - 0x00007ffd84f97000 	C:\WINDOWS\system32\napinsp.dll
0x00007ffd84f60000 - 0x00007ffd84f7b000 	C:\WINDOWS\system32\pnrpnsp.dll
0x00007ffd84f40000 - 0x00007ffd84f55000 	C:\WINDOWS\system32\wshbth.dll
0x00007ffd9e120000 - 0x00007ffd9e13d000 	C:\WINDOWS\system32\NLAapi.dll
0x00007ffd84f20000 - 0x00007ffd84f32000 	C:\WINDOWS\System32\winrnr.dll
0x00007ffd9e3b0000 - 0x00007ffd9e3c0000 	C:\WINDOWS\System32\perfdisk.dll
0x00007ffd9d710000 - 0x00007ffd9d721000 	C:\WINDOWS\System32\WMICLNT.dll

dbghelp: loaded successfully - version: 4.0.5 - missing functions: none
symbol engine: initialized successfully - sym options: 0x614 - pdb path: .;C:\keys\jdk-11.0.11_windows-x64_bin\jdk-11.0.11\bin;C:\WINDOWS\SYSTEM32;C:\WINDOWS\WinSxS\amd64_microsoft.windows.common-controls_6595b64144ccf1df_6.0.19041.1110_none_60b5254171f9507e;C:\keys\jdk-11.0.11_windows-x64_bin\jdk-11.0.11\bin\server;C:\keys\JetBrains\IntelliJ IDEA 2019.2.3\bin;C:\Users\admin\AppData\Local\Temp\jna-92668751;C:\WINDOWS\system32\wbem;C:\keys\Listary

VM Arguments:
jvm_args: -javaagent:C:\keys\JetBrains\IntelliJ IDEA 2019.2.3\lib\idea_rt.jar=13585:C:\keys\JetBrains\IntelliJ IDEA 2019.2.3\bin -Dfile.encoding=UTF-8 
java_command: com.scareers.formals.kline.basemorphology.usesingleklinebasepercent.LowBuyNextHighSellDistributionAnalyze
java_class_path (initial): C:\project\java\quantRoadJ\target\classes;C:\Users\admin\.m2\repository\org\slf4j\slf4j-api\1.7.25\slf4j-api-1.7.25.jar;C:\Users\admin\.m2\repository\commons-beanutils\commons-beanutils\1.9.4\commons-beanutils-1.9.4.jar;C:\Users\admin\.m2\repository\commons-logging\commons-logging\1.2\commons-logging-1.2.jar;C:\Users\admin\.m2\repository\commons-collections\commons-collections\3.2.2\commons-collections-3.2.2.jar;C:\Users\admin\.m2\repository\com\github\oshi\oshi-core\3.12.2\oshi-core-3.12.2.jar;C:\Users\admin\.m2\repository\net\java\dev\jna\jna\5.2.0\jna-5.2.0.jar;C:\Users\admin\.m2\repository\net\java\dev\jna\jna-platform\5.2.0\jna-platform-5.2.0.jar;C:\Users\admin\.m2\repository\ch\qos\logback\logback-core\1.2.3\logback-core-1.2.3.jar;C:\Users\admin\.m2\repository\ch\qos\logback\logback-classic\1.2.3\logback-classic-1.2.3.jar;C:\Users\admin\.m2\repository\org\jsoup\jsoup\1.12.1\jsoup-1.12.1.jar;C:\Users\admin\.m2\repository\com\sun\mail\javax.mail\1.6.2\javax.mail-1.6.2.jar;C:\Users\admin\.m2\repository\javax\activation\activation\1.1\activation-1.1.jar;C:\Users\admin\.m2\repository\org\apache\httpcomponents\httpclient\4.5.8\httpclient-4.5.8.jar;C:\Users\admin\.m2\repository\org\apache\httpcomponents\httpcore\4.4.11\httpcore-4.4.11.jar;C:\Users\admin\.m2\repository\commons-codec\commons-codec\1.11\commons-codec-1.11.jar;C:\Users\admin\.m2\repository\org\apache\poi\poi\3.17\poi-3.17.jar;C:\Users\admin\.m2\repository\org\apache\commons\commons-collections4\4.1\commons-collections4-4.1.jar;C:\Users\admin\.m2\repository\org\projectlombok\lombok\1.18.16\lombok-1.18.16.jar;C:\Users\admin\.m2\repository\com\tictactec\ta-lib\0.4.0\ta-lib-0.4.0.jar;C:\Users\admin\.m2\repository\eu\verdelhan\ta4j\0.9\ta4j-0.9.jar;C:\Users\admin\.m2\repository\org\jfree\jfreechart\1.5.3\jfreechart-1.5.3.jar;C:\Users\admin\.m2\repository\mysql\mysql-connector-java\5.1.47\mysql-connector-java-5.1.47.jar;C:\Users\admin\.m2\repository\sh\joinery\joinery-dataframe\1.1
Launcher Type: SUN_STANDARD

[Global flags]
     intx CICompilerCount                          = 12                                        {product} {ergonomic}
     uint ConcGCThreads                            = 3                                         {product} {ergonomic}
     uint G1ConcRefinementThreads                  = 13                                        {product} {ergonomic}
   size_t G1HeapRegionSize                         = 4194304                                   {product} {ergonomic}
    uintx GCDrainStackTargetSize                   = 64                                        {product} {ergonomic}
   size_t InitialHeapSize                          = 1073741824                                {product} {ergonomic}
   size_t MarkStackSize                            = 4194304                                   {product} {ergonomic}
   size_t MaxHeapSize                              = 17133731840                               {product} {ergonomic}
   size_t MaxNewSize                               = 10280239104                               {product} {ergonomic}
   size_t MinHeapDeltaBytes                        = 4194304                                   {product} {ergonomic}
    uintx NonNMethodCodeHeapSize                   = 7594288                                {pd product} {ergonomic}
    uintx NonProfiledCodeHeapSize                  = 122031976                              {pd product} {ergonomic}
    uintx ProfiledCodeHeapSize                     = 122031976                              {pd product} {ergonomic}
    uintx ReservedCodeCacheSize                    = 251658240                              {pd product} {ergonomic}
     bool SegmentedCodeCache                       = true                                      {product} {ergonomic}
     bool UseCompressedClassPointers               = true                                 {lp64_product} {ergonomic}
     bool UseCompressedOops                        = true                                 {lp64_product} {ergonomic}
     bool UseG1GC                                  = true                                      {product} {ergonomic}
     bool UseLargePagesIndividualAllocation        = false                                  {pd product} {ergonomic}

Logging:
Log output configuration:
 #0: stdout all=warning uptime,level,tags
 #1: stderr all=off uptime,level,tags

Environment Variables:
JAVA_HOME=C:\keys\jdk-11.0.11_windows-x64_bin\jdk-11.0.11
PATH=C:\keys\Python37\Scripts\;C:\keys\Python37\;C:\WINDOWS\system32;C:\WINDOWS;C:\WINDOWS\System32\Wbem;C:\WINDOWS\System32\WindowsPowerShell\v1.0\;C:\WINDOWS\System32\OpenSSH\;C:\Program Files\dotnet\;C:\Program Files\SourceGear\Common\DiffMerge\;C:\keys\Git\cmd;C:\Users\admin\AppData\Local\Microsoft\WindowsApps;C:\keys\JetBrains\PyCharm 2019.2.4\bin;;C:\keys\MinGW\bin;C:\keys\jdk-11.0.11_windows-x64_bin\jdk-11.0.11\bin;C:\keys\mysql\mysql-8.0.26-winx64\bin;C:\commons\Microsoft VS Code\bin;;C:\keys\JetBrains\IntelliJ IDEA 2019.2.3\bin;
USERNAME=admin
OS=Windows_NT
PROCESSOR_IDENTIFIER=Intel64 Family 6 Model 167 Stepping 1, GenuineIntel



---------------  S Y S T E M  ---------------

OS: Windows 10 , 64 bit Build 19041 (10.0.19041.1348)

CPU:total 16 (initial active 16) (8 cores per cpu, 2 threads per core) family 6 model 167 stepping 1 microcode 0x44, cmov, cx8, fxsr, mmx, sse, sse2, sse3, ssse3, sse4.1, sse4.2, popcnt, avx, avx2, aes, clmul, erms, 3dnowpref, lzcnt, ht, tsc, tscinvbit, bmi1, bmi2, adx, evex, sha, fma

Memory: 4k page, system-wide physical 65345M (34199M free)
TotalPageFile size 80193M (AvailPageFile size 40758M)
current process WorkingSet (physical memory assigned to process): 1827M, peak: 8418M
current process commit charge ("private bytes"): 2081M, peak: 8824M

vm_info: Java HotSpot(TM) 64-Bit Server VM (11.0.11+9-LTS-194) for windows-amd64 JRE (11.0.11+9-LTS-194), built on Mar 18 2021 18:46:53 by "mach5one" with MS VC++ 15.9 (VS2017)

END.
